Log file open, 06/14/20 23:09:45
LogInit: Display: Running engine for game: Pinball_Praharsh
LogPlatformFile: Not using cached read wrapper
LogTaskGraph: Started task graph with 5 named threads and 14 total threads with 3 sets of task threads.
LogStats: Stats thread started at 0.113917
LogD3D11RHI: Loaded GFSDK_Aftermath_Lib.x64.dll
LogICUInternationalization: ICU TimeZone Detection - Raw Offset: +5:30, Platform Override: ''
LogPluginManager: Mounting plugin Paper2D
LogPluginManager: Mounting plugin AISupport
LogPluginManager: Mounting plugin LightPropagationVolume
LogPluginManager: Mounting plugin CameraShakePreviewer
LogPluginManager: Mounting plugin ActorLayerUtilities
LogPluginManager: Mounting plugin AnimationSharing
LogPluginManager: Mounting plugin CLionSourceCodeAccess
LogPluginManager: Mounting plugin CodeLiteSourceCodeAccess
LogPluginManager: Mounting plugin GitSourceControl
LogPluginManager: Mounting plugin KDevelopSourceCodeAccess
LogPluginManager: Mounting plugin NullSourceCodeAccess
LogPluginManager: Mounting plugin PerforceSourceControl
LogPluginManager: Mounting plugin PlasticSourceControl
LogPluginManager: Mounting plugin RiderSourceCodeAccess
LogPluginManager: Mounting plugin SubversionSourceControl
LogPluginManager: Mounting plugin UObjectPlugin
LogPluginManager: Mounting plugin VisualStudioCodeSourceCodeAccess
LogPluginManager: Mounting plugin VisualStudioSourceCodeAccess
LogPluginManager: Mounting plugin XCodeSourceCodeAccess
LogPluginManager: Mounting plugin AssetManagerEditor
LogPluginManager: Mounting plugin CryptoKeys
LogPluginManager: Mounting plugin CurveEditorTools
LogPluginManager: Mounting plugin DataValidation
LogPluginManager: Mounting plugin EditorScriptingUtilities
LogPluginManager: Mounting plugin FacialAnimation
LogPluginManager: Mounting plugin GameplayTagsEditor
LogPluginManager: Mounting plugin GeometryMode
LogPluginManager: Mounting plugin MacGraphicsSwitching
LogPluginManager: Mounting plugin MaterialAnalyzer
LogPluginManager: Mounting plugin MobileLauncherProfileWizard
LogPluginManager: Mounting plugin PluginBrowser
LogPluginManager: Mounting plugin SpeedTreeImporter
LogPluginManager: Mounting plugin DatasmithContent
LogPluginManager: Mounting plugin VariantManagerContent
LogPluginManager: Mounting plugin AlembicImporter
LogPluginManager: Mounting plugin AutomationUtils
LogPluginManager: Mounting plugin BackChannel
LogPluginManager: Mounting plugin ChaosCloth
LogPluginManager: Mounting plugin ChaosClothEditor
LogPluginManager: Mounting plugin ChaosEditor
LogPluginManager: Mounting plugin ChaosNiagara
LogPluginManager: Mounting plugin ChaosSolverPlugin
LogPluginManager: Mounting plugin CharacterAI
LogPluginManager: Mounting plugin GeometryCache
LogPluginManager: Mounting plugin GeometryCollectionPlugin
LogPluginManager: Mounting plugin GeometryProcessing
LogPluginManager: Mounting plugin PlanarCut
LogPluginManager: Mounting plugin PlatformCrypto
LogPluginManager: Mounting plugin ProxyLODPlugin
LogPluginManager: Mounting plugin SkeletalReduction
LogPluginManager: Mounting plugin Niagara
LogPluginManager: Mounting plugin MagicLeap
LogPluginManager: Mounting plugin MagicLeapLightEstimation
LogPluginManager: Mounting plugin MagicLeapMedia
LogPluginManager: Mounting plugin MagicLeapPassableWorld
LogPluginManager: Mounting plugin MLSDK
LogPluginManager: Mounting plugin AndroidMedia
LogPluginManager: Mounting plugin AvfMedia
LogPluginManager: Mounting plugin ImgMedia
LogPluginManager: Mounting plugin MediaCompositing
LogPluginManager: Mounting plugin MediaPlayerEditor
LogPluginManager: Mounting plugin WebMMedia
LogPluginManager: Mounting plugin WmfMedia
LogPluginManager: Mounting plugin MeshPainting
LogPluginManager: Mounting plugin TcpMessaging
LogPluginManager: Mounting plugin UdpMessaging
LogPluginManager: Mounting plugin ActorSequence
LogPluginManager: Mounting plugin LevelSequenceEditor
LogPluginManager: Mounting plugin MatineeToLevelSequence
LogPluginManager: Mounting plugin MovieRenderPipeline
LogPluginManager: Mounting plugin TemplateSequence
LogPluginManager: Mounting plugin NetcodeUnitTest
LogPluginManager: Mounting plugin NUTUnrealEngine4
LogPluginManager: Mounting plugin OnlineSubsystemGooglePlay
LogPluginManager: Mounting plugin OnlineSubsystemIOS
LogPluginManager: Mounting plugin OnlineSubsystem
LogPluginManager: Mounting plugin OnlineSubsystemNull
LogPluginManager: Mounting plugin OnlineSubsystemUtils
LogPluginManager: Mounting plugin LauncherChunkInstaller
LogPluginManager: Mounting plugin AndroidDeviceProfileSelector
LogPluginManager: Mounting plugin AndroidMoviePlayer
LogPluginManager: Mounting plugin AndroidPermission
LogPluginManager: Mounting plugin AppleImageUtils
LogPluginManager: Mounting plugin AppleMoviePlayer
LogPluginManager: Mounting plugin ArchVisCharacter
LogPluginManager: Mounting plugin AssetTags
LogPluginManager: Mounting plugin AudioCapture
LogPluginManager: Mounting plugin CableComponent
LogPluginManager: Mounting plugin CustomMeshComponent
LogPluginManager: Mounting plugin EditableMesh
LogPluginManager: Mounting plugin ExampleDeviceProfileSelector
LogPluginManager: Mounting plugin GoogleCloudMessaging
LogPluginManager: Mounting plugin GooglePAD
LogPluginManager: Mounting plugin IOSDeviceProfileSelector
LogPluginManager: Mounting plugin LinuxDeviceProfileSelector
LogPluginManager: Mounting plugin LocationServicesBPLibrary
LogPluginManager: Mounting plugin MobilePatchingUtils
LogPluginManager: Mounting plugin OculusVR
LogPluginManager: Mounting plugin PhysXVehicles
LogPluginManager: Mounting plugin PostSplashScreen
LogPluginManager: Mounting plugin ProceduralMeshComponent
LogPluginManager: Mounting plugin RuntimePhysXCooking
LogPluginManager: Mounting plugin SignificanceManager
LogPluginManager: Mounting plugin SoundFields
LogPluginManager: Mounting plugin SteamVR
LogPluginManager: Mounting plugin Synthesis
LogPluginManager: Mounting plugin WebMMoviePlayer
LogPluginManager: Mounting plugin WindowsMoviePlayer
LogPluginManager: Mounting plugin ScreenshotTools
LogInit: Using libcurl 7.55.1-DEV
LogInit:  - built for x86_64-pc-win32
LogInit:  - supports SSL with OpenSSL/1.1.1
LogInit:  - supports HTTP deflate (compression) using libz 1.2.8
LogInit:  - other features:
LogInit:      CURL_VERSION_SSL
LogInit:      CURL_VERSION_LIBZ
LogInit:      CURL_VERSION_IPV6
LogInit:      CURL_VERSION_ASYNCHDNS
LogInit:      CURL_VERSION_LARGEFILE
LogInit:      CURL_VERSION_IDN
LogInit:  CurlRequestOptions (configurable via config and command line):
LogInit:  - bVerifyPeer = true  - Libcurl will verify peer certificate
LogInit:  - bUseHttpProxy = false  - Libcurl will NOT use HTTP proxy
LogInit:  - bDontReuseConnections = false  - Libcurl will reuse connections
LogInit:  - MaxHostConnections = 16  - Libcurl will limit the number of connections to a host
LogInit:  - LocalHostAddr = Default
LogInit:  - BufferSize = 65536
LogOnline: OSS: Creating online subsystem instance for: NULL
LogInit: WinSock: version 1.1 (2.2), MaxSocks=32767, MaxUdp=65467
LogOnline: OSS: TryLoadSubsystemAndSetDefault: Loaded subsystem for module [NULL]
LogInit: Build: ++UE4+Release-4.25-CL-13144385
LogInit: Engine Version: 4.25.0-13144385+++UE4+Release-4.25
LogInit: Compatible Engine Version: 4.25.0-13144385+++UE4+Release-4.25
LogInit: Net CL: 13144385
LogInit: OS: Windows 10 (Release 1909) (), CPU: Intel(R) Core(TM) i5-7300HQ CPU @ 2.50GHz, GPU: Intel(R) HD Graphics 630
LogInit: Compiled (64-bit): May  2 2020 02:12:11
LogInit: Compiled with Visual C++: 19.24.28315.00
LogInit: Build Configuration: Development
LogInit: Branch Name: ++UE4+Release-4.25
LogInit: Command Line: 
LogInit: Base Directory: D:/EPIC GAMES/UE_4.25/Engine/Binaries/Win64/
LogInit: Allocator: TBB
LogInit: Installed Engine Build: 1
LogDevObjectVersion: Number of dev versions registered: 26
LogDevObjectVersion:   Dev-Blueprints (B0D832E4-1F89-4F0D-ACCF-7EB736FD4AA2): 10
LogDevObjectVersion:   Dev-Build (E1C64328-A22C-4D53-A36C-8E866417BD8C): 0
LogDevObjectVersion:   Dev-Core (375EC13C-06E4-48FB-B500-84F0262A717E): 4
LogDevObjectVersion:   Dev-Editor (E4B068ED-F494-42E9-A231-DA0B2E46BB41): 38
LogDevObjectVersion:   Dev-Framework (CFFC743F-43B0-4480-9391-14DF171D2073): 37
LogDevObjectVersion:   Dev-Mobile (B02B49B5-BB20-44E9-A304-32B752E40360): 2
LogDevObjectVersion:   Dev-Networking (A4E4105C-59A1-49B5-A7C5-40C4547EDFEE): 0
LogDevObjectVersion:   Dev-Online (39C831C9-5AE6-47DC-9A44-9C173E1C8E7C): 0
LogDevObjectVersion:   Dev-Physics (78F01B33-EBEA-4F98-B9B4-84EACCB95AA2): 4
LogDevObjectVersion:   Dev-Platform (6631380F-2D4D-43E0-8009-CF276956A95A): 0
LogDevObjectVersion:   Dev-Rendering (12F88B9F-8875-4AFC-A67C-D90C383ABD29): 43
LogDevObjectVersion:   Dev-Sequencer (7B5AE74C-D270-4C10-A958-57980B212A5A): 12
LogDevObjectVersion:   Dev-VR (D7296918-1DD6-4BDD-9DE2-64A83CC13884): 3
LogDevObjectVersion:   Dev-LoadTimes (C2A15278-BFE7-4AFE-6C17-90FF531DF755): 1
LogDevObjectVersion:   Private-Geometry (6EACA3D4-40EC-4CC1-B786-8BED09428FC5): 3
LogDevObjectVersion:   Dev-AnimPhys (29E575DD-E0A3-4627-9D10-D276232CDCEA): 17
LogDevObjectVersion:   Dev-Anim (AF43A65D-7FD3-4947-9873-3E8ED9C1BB05): 7
LogDevObjectVersion:   Dev-ReflectionCapture (6B266CEC-1EC7-4B8F-A30B-E4D90942FC07): 1
LogDevObjectVersion:   Dev-Automation (0DF73D61-A23F-47EA-B727-89E90C41499A): 1
LogDevObjectVersion:   FortniteMain (601D1886-AC64-4F84-AA16-D3DE0DEAC7D6): 31
LogDevObjectVersion:   Dev-Enterprise (9DFFBCD6-494F-0158-E221-12823C92A888): 10
LogDevObjectVersion:   Dev-Niagara (F2AED0AC-9AFE-416F-8664-AA7FFA26D6FC): 1
LogDevObjectVersion:   Dev-Destruction (174F1F0B-B4C6-45A5-B13F-2EE8D0FB917D): 10
LogDevObjectVersion:   Dev-Physics-Ext (35F94A83-E258-406C-A318-09F59610247C): 37
LogDevObjectVersion:   Dev-PhysicsMaterial-Chaos (B68FC16E-8B1B-42E2-B453-215C058844FE): 1
LogDevObjectVersion:   Dev-CineCamera (B2E18506-4273-CFC2-A54E-F4BB758BBA07): 1
LogInit: Presizing for max 25165824 objects, including 0 objects not considered by GC, pre-allocating 0 bytes for permanent pool.
LogConfig: Applying CVar settings from Section [/Script/Engine.StreamingSettings] File [C:/Users/mohit/Documents/GitHub/UnrealEngine_Praharsh/Pinball_Praharsh/Saved/Config/Windows/Engine.ini]
LogConfig: Setting CVar [[s.MinBulkDataSizeForAsyncLoading:131072]]
LogConfig: Setting CVar [[s.AsyncLoadingThreadEnabled:0]]
LogConfig: Setting CVar [[s.EventDrivenLoaderEnabled:1]]
LogConfig: Setting CVar [[s.WarnIfTimeLimitExceeded:0]]
LogConfig: Setting CVar [[s.TimeLimitExceededMultiplier:1.5]]
LogConfig: Setting CVar [[s.TimeLimitExceededMinTime:0.005]]
LogConfig: Setting CVar [[s.UseBackgroundLevelStreaming:1]]
LogConfig: Setting CVar [[s.PriorityAsyncLoadingExtraTime:15.0]]
LogConfig: Setting CVar [[s.LevelStreamingActorsUpdateTimeLimit:5.0]]
LogConfig: Setting CVar [[s.PriorityLevelStreamingActorsUpdateExtraTime:5.0]]
LogConfig: Setting CVar [[s.LevelStreamingComponentsRegistrationGranularity:10]]
LogConfig: Setting CVar [[s.UnregisterComponentsTimeLimit:1.0]]
LogConfig: Setting CVar [[s.LevelStreamingComponentsUnregistrationGranularity:5]]
LogConfig: Setting CVar [[s.FlushStreamingOnExit:1]]
LogInit: Object subsystem initialized
LogConfig: Setting CVar [[con.DebugEarlyDefault:1]]
LogConfig: Setting CVar [[r.setres:1280x720]]
[2020.06.14-17.39.46:009][  0]LogConfig: Setting CVar [[r.VSync:0]]
[2020.06.14-17.39.46:009][  0]LogConfig: Setting CVar [[r.RHICmdBypass:0]]
[2020.06.14-17.39.46:009][  0]LogConfig: Applying CVar settings from Section [/Script/Engine.RendererSettings] File [C:/Users/mohit/Documents/GitHub/UnrealEngine_Praharsh/Pinball_Praharsh/Saved/Config/Windows/Engine.ini]
[2020.06.14-17.39.46:009][  0]LogConfig: Setting CVar [[r.GPUCrashDebugging:0]]
[2020.06.14-17.39.46:009][  0]LogConfig: Applying CVar settings from Section [/Script/Engine.RendererOverrideSettings] File [C:/Users/mohit/Documents/GitHub/UnrealEngine_Praharsh/Pinball_Praharsh/Saved/Config/Windows/Engine.ini]
[2020.06.14-17.39.46:009][  0]LogConfig: Applying CVar settings from Section [/Script/Engine.StreamingSettings] File [C:/Users/mohit/Documents/GitHub/UnrealEngine_Praharsh/Pinball_Praharsh/Saved/Config/Windows/Engine.ini]
[2020.06.14-17.39.46:009][  0]LogConfig: Setting CVar [[s.MinBulkDataSizeForAsyncLoading:131072]]
[2020.06.14-17.39.46:009][  0]LogConfig: Setting CVar [[s.AsyncLoadingThreadEnabled:0]]
[2020.06.14-17.39.46:009][  0]LogConfig: Setting CVar [[s.EventDrivenLoaderEnabled:1]]
[2020.06.14-17.39.46:009][  0]LogConfig: Setting CVar [[s.WarnIfTimeLimitExceeded:0]]
[2020.06.14-17.39.46:009][  0]LogConfig: Setting CVar [[s.TimeLimitExceededMultiplier:1.5]]
[2020.06.14-17.39.46:009][  0]LogConfig: Setting CVar [[s.TimeLimitExceededMinTime:0.005]]
[2020.06.14-17.39.46:009][  0]LogConfig: Setting CVar [[s.UseBackgroundLevelStreaming:1]]
[2020.06.14-17.39.46:009][  0]LogConfig: Setting CVar [[s.PriorityAsyncLoadingExtraTime:15.0]]
[2020.06.14-17.39.46:009][  0]LogConfig: Setting CVar [[s.LevelStreamingActorsUpdateTimeLimit:5.0]]
[2020.06.14-17.39.46:009][  0]LogConfig: Setting CVar [[s.PriorityLevelStreamingActorsUpdateExtraTime:5.0]]
[2020.06.14-17.39.46:009][  0]LogConfig: Setting CVar [[s.LevelStreamingComponentsRegistrationGranularity:10]]
[2020.06.14-17.39.46:009][  0]LogConfig: Setting CVar [[s.UnregisterComponentsTimeLimit:1.0]]
[2020.06.14-17.39.46:009][  0]LogConfig: Setting CVar [[s.LevelStreamingComponentsUnregistrationGranularity:5]]
[2020.06.14-17.39.46:009][  0]LogConfig: Setting CVar [[s.FlushStreamingOnExit:1]]
[2020.06.14-17.39.46:009][  0]LogConfig: Applying CVar settings from Section [/Script/Engine.GarbageCollectionSettings] File [C:/Users/mohit/Documents/GitHub/UnrealEngine_Praharsh/Pinball_Praharsh/Saved/Config/Windows/Engine.ini]
[2020.06.14-17.39.46:009][  0]LogConfig: Setting CVar [[gc.MaxObjectsNotConsideredByGC:1]]
[2020.06.14-17.39.46:009][  0]LogConfig: Setting CVar [[gc.SizeOfPermanentObjectPool:0]]
[2020.06.14-17.39.46:009][  0]LogConfig: Setting CVar [[gc.FlushStreamingOnGC:0]]
[2020.06.14-17.39.46:009][  0]LogConfig: Setting CVar [[gc.NumRetriesBeforeForcingGC:10]]
[2020.06.14-17.39.46:010][  0]LogConfig: Setting CVar [[gc.AllowParallelGC:1]]
[2020.06.14-17.39.46:010][  0]LogConfig: Setting CVar [[gc.TimeBetweenPurgingPendingKillObjects:61.1]]
[2020.06.14-17.39.46:010][  0]LogConfig: Setting CVar [[gc.MaxObjectsInEditor:25165824]]
[2020.06.14-17.39.46:010][  0]LogConfig: Setting CVar [[gc.IncrementalBeginDestroyEnabled:1]]
[2020.06.14-17.39.46:010][  0]LogConfig: Setting CVar [[gc.CreateGCClusters:1]]
[2020.06.14-17.39.46:010][  0]LogConfig: Setting CVar [[gc.MinGCClusterSize:5]]
[2020.06.14-17.39.46:010][  0]LogConfig: Setting CVar [[gc.ActorClusteringEnabled:0]]
[2020.06.14-17.39.46:010][  0]LogConfig: Setting CVar [[gc.BlueprintClusteringEnabled:0]]
[2020.06.14-17.39.46:010][  0]LogConfig: Setting CVar [[gc.UseDisregardForGCOnDedicatedServers:0]]
[2020.06.14-17.39.46:010][  0]LogConfig: Applying CVar settings from Section [/Script/Engine.NetworkSettings] File [C:/Users/mohit/Documents/GitHub/UnrealEngine_Praharsh/Pinball_Praharsh/Saved/Config/Windows/Engine.ini]
[2020.06.14-17.39.46:010][  0]LogConfig: Applying CVar settings from Section [/Script/UnrealEd.CookerSettings] File [C:/Users/mohit/Documents/GitHub/UnrealEngine_Praharsh/Pinball_Praharsh/Saved/Config/Windows/Engine.ini]
[2020.06.14-17.39.46:015][  0]LogConfig: Applying CVar settings from Section [ViewDistanceQuality@3] File [C:/Users/mohit/Documents/GitHub/UnrealEngine_Praharsh/Pinball_Praharsh/Saved/Config/Windows/Scalability.ini]
[2020.06.14-17.39.46:015][  0]LogConfig: Setting CVar [[r.SkeletalMeshLODBias:0]]
[2020.06.14-17.39.46:015][  0]LogConfig: Setting CVar [[r.ViewDistanceScale:1.0]]
[2020.06.14-17.39.46:015][  0]LogConfig: Applying CVar settings from Section [AntiAliasingQuality@3] File [C:/Users/mohit/Documents/GitHub/UnrealEngine_Praharsh/Pinball_Praharsh/Saved/Config/Windows/Scalability.ini]
[2020.06.14-17.39.46:015][  0]LogConfig: Setting CVar [[r.PostProcessAAQuality:4]]
[2020.06.14-17.39.46:015][  0]LogConfig: Applying CVar settings from Section [ShadowQuality@3] File [C:/Users/mohit/Documents/GitHub/UnrealEngine_Praharsh/Pinball_Praharsh/Saved/Config/Windows/Scalability.ini]
[2020.06.14-17.39.46:015][  0]LogConfig: Setting CVar [[r.LightFunctionQuality:1]]
[2020.06.14-17.39.46:015][  0]LogConfig: Setting CVar [[r.ShadowQuality:5]]
[2020.06.14-17.39.46:015][  0]LogConfig: Setting CVar [[r.Shadow.CSM.MaxCascades:10]]
[2020.06.14-17.39.46:015][  0]LogConfig: Setting CVar [[r.Shadow.MaxResolution:2048]]
[2020.06.14-17.39.46:015][  0]LogConfig: Setting CVar [[r.Shadow.MaxCSMResolution:2048]]
[2020.06.14-17.39.46:015][  0]LogConfig: Setting CVar [[r.Shadow.RadiusThreshold:0.01]]
[2020.06.14-17.39.46:015][  0]LogConfig: Setting CVar [[r.Shadow.DistanceScale:1.0]]
[2020.06.14-17.39.46:015][  0]LogConfig: Setting CVar [[r.Shadow.CSM.TransitionScale:1.0]]
[2020.06.14-17.39.46:015][  0]LogConfig: Setting CVar [[r.Shadow.PreShadowResolutionFactor:1.0]]
[2020.06.14-17.39.46:015][  0]LogConfig: Setting CVar [[r.DistanceFieldShadowing:1]]
[2020.06.14-17.39.46:015][  0]LogConfig: Setting CVar [[r.DistanceFieldAO:1]]
[2020.06.14-17.39.46:015][  0]LogConfig: Setting CVar [[r.AOQuality:2]]
[2020.06.14-17.39.46:015][  0]LogConfig: Setting CVar [[r.VolumetricFog:1]]
[2020.06.14-17.39.46:015][  0]LogConfig: Setting CVar [[r.VolumetricFog.GridPixelSize:8]]
[2020.06.14-17.39.46:015][  0]LogConfig: Setting CVar [[r.VolumetricFog.GridSizeZ:128]]
[2020.06.14-17.39.46:015][  0]LogConfig: Setting CVar [[r.VolumetricFog.HistoryMissSupersampleCount:4]]
[2020.06.14-17.39.46:015][  0]LogConfig: Setting CVar [[r.LightMaxDrawDistanceScale:1]]
[2020.06.14-17.39.46:015][  0]LogConfig: Setting CVar [[r.CapsuleShadows:1]]
[2020.06.14-17.39.46:016][  0]LogConfig: Applying CVar settings from Section [PostProcessQuality@3] File [C:/Users/mohit/Documents/GitHub/UnrealEngine_Praharsh/Pinball_Praharsh/Saved/Config/Windows/Scalability.ini]
[2020.06.14-17.39.46:016][  0]LogConfig: Setting CVar [[r.MotionBlurQuality:4]]
[2020.06.14-17.39.46:016][  0]LogConfig: Setting CVar [[r.AmbientOcclusionMipLevelFactor:0.4]]
[2020.06.14-17.39.46:016][  0]LogConfig: Setting CVar [[r.AmbientOcclusionMaxQuality:100]]
[2020.06.14-17.39.46:016][  0]LogConfig: Setting CVar [[r.AmbientOcclusionLevels:-1]]
[2020.06.14-17.39.46:016][  0]LogConfig: Setting CVar [[r.AmbientOcclusionRadiusScale:1.0]]
[2020.06.14-17.39.46:016][  0]LogConfig: Setting CVar [[r.DepthOfFieldQuality:2]]
[2020.06.14-17.39.46:016][  0]LogConfig: Setting CVar [[r.RenderTargetPoolMin:400]]
[2020.06.14-17.39.46:016][  0]LogConfig: Setting CVar [[r.LensFlareQuality:2]]
[2020.06.14-17.39.46:016][  0]LogConfig: Setting CVar [[r.SceneColorFringeQuality:1]]
[2020.06.14-17.39.46:016][  0]LogConfig: Setting CVar [[r.EyeAdaptationQuality:2]]
[2020.06.14-17.39.46:016][  0]LogConfig: Setting CVar [[r.BloomQuality:5]]
[2020.06.14-17.39.46:016][  0]LogConfig: Setting CVar [[r.FastBlurThreshold:100]]
[2020.06.14-17.39.46:016][  0]LogConfig: Setting CVar [[r.Upscale.Quality:3]]
[2020.06.14-17.39.46:016][  0]LogConfig: Setting CVar [[r.Tonemapper.GrainQuantization:1]]
[2020.06.14-17.39.46:016][  0]LogConfig: Setting CVar [[r.LightShaftQuality:1]]
[2020.06.14-17.39.46:016][  0]LogConfig: Setting CVar [[r.Filter.SizeScale:1]]
[2020.06.14-17.39.46:016][  0]LogConfig: Setting CVar [[r.Tonemapper.Quality:5]]
[2020.06.14-17.39.46:016][  0]LogConfig: Setting CVar [[r.DOF.Gather.AccumulatorQuality:1        ; higher gathering accumulator quality]]
[2020.06.14-17.39.46:016][  0]LogConfig: Setting CVar [[r.DOF.Gather.PostfilterMethod:1          ; Median3x3 postfilering method]]
[2020.06.14-17.39.46:016][  0]LogConfig: Setting CVar [[r.DOF.Gather.EnableBokehSettings:0       ; no bokeh simulation when gathering]]
[2020.06.14-17.39.46:016][  0]LogConfig: Setting CVar [[r.DOF.Gather.RingCount:4                 ; medium number of samples when gathering]]
[2020.06.14-17.39.46:016][  0]LogConfig: Setting CVar [[r.DOF.Scatter.ForegroundCompositing:1    ; additive foreground scattering]]
[2020.06.14-17.39.46:016][  0]LogConfig: Setting CVar [[r.DOF.Scatter.BackgroundCompositing:2    ; additive background scattering]]
[2020.06.14-17.39.46:016][  0]LogConfig: Setting CVar [[r.DOF.Scatter.EnableBokehSettings:1      ; bokeh simulation when scattering]]
[2020.06.14-17.39.46:016][  0]LogConfig: Setting CVar [[r.DOF.Scatter.MaxSpriteRatio:0.1         ; only a maximum of 10% of scattered bokeh]]
[2020.06.14-17.39.46:016][  0]LogConfig: Setting CVar [[r.DOF.Recombine.Quality:1                ; cheap slight out of focus]]
[2020.06.14-17.39.46:016][  0]LogConfig: Setting CVar [[r.DOF.Recombine.EnableBokehSettings:0    ; no bokeh simulation on slight out of focus]]
[2020.06.14-17.39.46:016][  0]LogConfig: Setting CVar [[r.DOF.TemporalAAQuality:1                ; more stable temporal accumulation]]
[2020.06.14-17.39.46:016][  0]LogConfig: Setting CVar [[r.DOF.Kernel.MaxForegroundRadius:0.025]]
[2020.06.14-17.39.46:016][  0]LogConfig: Setting CVar [[r.DOF.Kernel.MaxBackgroundRadius:0.025]]
[2020.06.14-17.39.46:016][  0]LogConfig: Applying CVar settings from Section [TextureQuality@3] File [C:/Users/mohit/Documents/GitHub/UnrealEngine_Praharsh/Pinball_Praharsh/Saved/Config/Windows/Scalability.ini]
[2020.06.14-17.39.46:016][  0]LogConfig: Setting CVar [[r.Streaming.MipBias:0]]
[2020.06.14-17.39.46:016][  0]LogConfig: Setting CVar [[r.Streaming.AmortizeCPUToGPUCopy:0]]
[2020.06.14-17.39.46:016][  0]LogConfig: Setting CVar [[r.Streaming.MaxNumTexturesToStreamPerFrame:0]]
[2020.06.14-17.39.46:016][  0]LogConfig: Setting CVar [[r.Streaming.Boost:1]]
[2020.06.14-17.39.46:016][  0]LogConfig: Setting CVar [[r.MaxAnisotropy:8]]
[2020.06.14-17.39.46:016][  0]LogConfig: Setting CVar [[r.VT.MaxAnisotropy:8]]
[2020.06.14-17.39.46:016][  0]LogConfig: Setting CVar [[r.Streaming.LimitPoolSizeToVRAM:0]]
[2020.06.14-17.39.46:016][  0]LogConfig: Setting CVar [[r.Streaming.PoolSize:1000]]
[2020.06.14-17.39.46:016][  0]LogConfig: Setting CVar [[r.Streaming.MaxEffectiveScreenSize:0]]
[2020.06.14-17.39.46:016][  0]LogConfig: Applying CVar settings from Section [EffectsQuality@3] File [C:/Users/mohit/Documents/GitHub/UnrealEngine_Praharsh/Pinball_Praharsh/Saved/Config/Windows/Scalability.ini]
[2020.06.14-17.39.46:016][  0]LogConfig: Setting CVar [[r.TranslucencyLightingVolumeDim:64]]
[2020.06.14-17.39.46:016][  0]LogConfig: Setting CVar [[r.RefractionQuality:2]]
[2020.06.14-17.39.46:016][  0]LogConfig: Setting CVar [[r.SSR.Quality:3]]
[2020.06.14-17.39.46:016][  0]LogConfig: Setting CVar [[r.SSR.HalfResSceneColor:0]]
[2020.06.14-17.39.46:016][  0]LogConfig: Setting CVar [[r.SceneColorFormat:4]]
[2020.06.14-17.39.46:016][  0]LogConfig: Setting CVar [[r.DetailMode:2]]
[2020.06.14-17.39.46:016][  0]LogConfig: Setting CVar [[r.TranslucencyVolumeBlur:1]]
[2020.06.14-17.39.46:016][  0]LogConfig: Setting CVar [[r.MaterialQualityLevel:1 ; High quality]]
[2020.06.14-17.39.46:016][  0]LogConfig: Setting CVar [[r.SSS.Scale:1]]
[2020.06.14-17.39.46:016][  0]LogConfig: Setting CVar [[r.SSS.SampleSet:2]]
[2020.06.14-17.39.46:016][  0]LogConfig: Setting CVar [[r.SSS.Quality:1]]
[2020.06.14-17.39.46:016][  0]LogConfig: Setting CVar [[r.SSS.HalfRes:0]]
[2020.06.14-17.39.46:016][  0]LogConfig: Setting CVar [[r.SSGI.Quality:3]]
[2020.06.14-17.39.46:016][  0]LogConfig: Setting CVar [[r.EmitterSpawnRateScale:1.0]]
[2020.06.14-17.39.46:016][  0]LogConfig: Setting CVar [[r.ParticleLightQuality:2]]
[2020.06.14-17.39.46:016][  0]LogConfig: Setting CVar [[r.SkyAtmosphere.AerialPerspectiveLUT.FastApplyOnOpaque:1 ; Always have FastSkyLUT 1 in this case to avoid wrong sky]]
[2020.06.14-17.39.46:016][  0]LogConfig: Setting CVar [[r.SkyAtmosphere.AerialPerspectiveLUT.SampleCountPerSlice:1]]
[2020.06.14-17.39.46:016][  0]LogConfig: Setting CVar [[r.SkyAtmosphere.AerialPerspectiveLUT.DepthResolution:16.0]]
[2020.06.14-17.39.46:016][  0]LogConfig: Setting CVar [[r.SkyAtmosphere.FastSkyLUT:1]]
[2020.06.14-17.39.46:016][  0]LogConfig: Setting CVar [[r.SkyAtmosphere.FastSkyLUT.SampleCountMin:4.0]]
[2020.06.14-17.39.46:016][  0]LogConfig: Setting CVar [[r.SkyAtmosphere.FastSkyLUT.SampleCountMax:32.0]]
[2020.06.14-17.39.46:016][  0]LogConfig: Setting CVar [[r.SkyAtmosphere.SampleCountMin:4.0]]
[2020.06.14-17.39.46:016][  0]LogConfig: Setting CVar [[r.SkyAtmosphere.SampleCountMax:32.0]]
[2020.06.14-17.39.46:016][  0]LogConfig: Setting CVar [[r.SkyAtmosphere.TransmittanceLUT.UseSmallFormat:0]]
[2020.06.14-17.39.46:017][  0]LogConfig: Setting CVar [[r.SkyAtmosphere.TransmittanceLUT.SampleCount:10.0]]
[2020.06.14-17.39.46:017][  0]LogConfig: Setting CVar [[r.SkyAtmosphere.MultiScatteringLUT.SampleCount:15.0]]
[2020.06.14-17.39.46:017][  0]LogConfig: Applying CVar settings from Section [FoliageQuality@3] File [C:/Users/mohit/Documents/GitHub/UnrealEngine_Praharsh/Pinball_Praharsh/Saved/Config/Windows/Scalability.ini]
[2020.06.14-17.39.46:017][  0]LogConfig: Setting CVar [[foliage.DensityScale:1.0]]
[2020.06.14-17.39.46:017][  0]LogConfig: Setting CVar [[grass.DensityScale:1.0]]
[2020.06.14-17.39.46:017][  0]LogConfig: Applying CVar settings from Section [ShadingQuality@3] File [C:/Users/mohit/Documents/GitHub/UnrealEngine_Praharsh/Pinball_Praharsh/Saved/Config/Windows/Scalability.ini]
[2020.06.14-17.39.46:017][  0]LogConfig: Setting CVar [[r.HairStrands.SkyLighting.SampleCount:16]]
[2020.06.14-17.39.46:017][  0]LogConfig: Setting CVar [[r.HairStrands.SkyLighting.JitterIntegration:0]]
[2020.06.14-17.39.46:017][  0]LogConfig: Setting CVar [[r.HairStrands.SkyAO.SampleCount:16]]
[2020.06.14-17.39.46:017][  0]LogConfig: Setting CVar [[r.HairStrands.DeepShadow.SuperSampling:0]]
[2020.06.14-17.39.46:017][  0]LogConfig: Setting CVar [[r.HairStrands.VisibilityPPLL:0]]
[2020.06.14-17.39.46:017][  0]LogConfig: Setting CVar [[r.HairStrands.RasterizationScale:0.5]]
[2020.06.14-17.39.46:017][  0]LogConfig: Setting CVar [[r.HairStrands.VelocityRasterizationScale:1]]
[2020.06.14-17.39.46:017][  0]LogInit: Selected Device Profile: [Windows]
[2020.06.14-17.39.46:017][  0]LogInit: Applying CVar settings loaded from the selected device profile: [Windows]
[2020.06.14-17.39.46:017][  0]LogHAL: Display: Platform has ~ 8 GB [8449904640 / 8589934592 / 8], which maps to Default [LargestMinGB=32, LargerMinGB=12, DefaultMinGB=8, SmallerMinGB=6, SmallestMinGB=0)
[2020.06.14-17.39.46:017][  0]LogInit: Going up to parent DeviceProfile []
[2020.06.14-17.39.46:017][  0]LogConfig: Applying CVar settings from Section [ViewDistanceQuality@3] File [C:/Users/mohit/Documents/GitHub/UnrealEngine_Praharsh/Pinball_Praharsh/Saved/Config/Windows/Scalability.ini]
[2020.06.14-17.39.46:017][  0]LogConfig: Setting CVar [[r.SkeletalMeshLODBias:0]]
[2020.06.14-17.39.46:017][  0]LogConfig: Setting CVar [[r.ViewDistanceScale:1.0]]
[2020.06.14-17.39.46:017][  0]LogConfig: Applying CVar settings from Section [AntiAliasingQuality@3] File [C:/Users/mohit/Documents/GitHub/UnrealEngine_Praharsh/Pinball_Praharsh/Saved/Config/Windows/Scalability.ini]
[2020.06.14-17.39.46:017][  0]LogConfig: Setting CVar [[r.PostProcessAAQuality:4]]
[2020.06.14-17.39.46:017][  0]LogConfig: Applying CVar settings from Section [ShadowQuality@3] File [C:/Users/mohit/Documents/GitHub/UnrealEngine_Praharsh/Pinball_Praharsh/Saved/Config/Windows/Scalability.ini]
[2020.06.14-17.39.46:017][  0]LogConfig: Setting CVar [[r.LightFunctionQuality:1]]
[2020.06.14-17.39.46:017][  0]LogConfig: Setting CVar [[r.ShadowQuality:5]]
[2020.06.14-17.39.46:017][  0]LogConfig: Setting CVar [[r.Shadow.CSM.MaxCascades:10]]
[2020.06.14-17.39.46:017][  0]LogConfig: Setting CVar [[r.Shadow.MaxResolution:2048]]
[2020.06.14-17.39.46:017][  0]LogConfig: Setting CVar [[r.Shadow.MaxCSMResolution:2048]]
[2020.06.14-17.39.46:017][  0]LogConfig: Setting CVar [[r.Shadow.RadiusThreshold:0.01]]
[2020.06.14-17.39.46:017][  0]LogConfig: Setting CVar [[r.Shadow.DistanceScale:1.0]]
[2020.06.14-17.39.46:017][  0]LogConfig: Setting CVar [[r.Shadow.CSM.TransitionScale:1.0]]
[2020.06.14-17.39.46:017][  0]LogConfig: Setting CVar [[r.Shadow.PreShadowResolutionFactor:1.0]]
[2020.06.14-17.39.46:017][  0]LogConfig: Setting CVar [[r.DistanceFieldShadowing:1]]
[2020.06.14-17.39.46:017][  0]LogConfig: Setting CVar [[r.DistanceFieldAO:1]]
[2020.06.14-17.39.46:017][  0]LogConfig: Setting CVar [[r.AOQuality:2]]
[2020.06.14-17.39.46:017][  0]LogConfig: Setting CVar [[r.VolumetricFog:1]]
[2020.06.14-17.39.46:017][  0]LogConfig: Setting CVar [[r.VolumetricFog.GridPixelSize:8]]
[2020.06.14-17.39.46:017][  0]LogConfig: Setting CVar [[r.VolumetricFog.GridSizeZ:128]]
[2020.06.14-17.39.46:017][  0]LogConfig: Setting CVar [[r.VolumetricFog.HistoryMissSupersampleCount:4]]
[2020.06.14-17.39.46:017][  0]LogConfig: Setting CVar [[r.LightMaxDrawDistanceScale:1]]
[2020.06.14-17.39.46:017][  0]LogConfig: Setting CVar [[r.CapsuleShadows:1]]
[2020.06.14-17.39.46:017][  0]LogConfig: Applying CVar settings from Section [PostProcessQuality@3] File [C:/Users/mohit/Documents/GitHub/UnrealEngine_Praharsh/Pinball_Praharsh/Saved/Config/Windows/Scalability.ini]
[2020.06.14-17.39.46:017][  0]LogConfig: Setting CVar [[r.MotionBlurQuality:4]]
[2020.06.14-17.39.46:017][  0]LogConfig: Setting CVar [[r.AmbientOcclusionMipLevelFactor:0.4]]
[2020.06.14-17.39.46:017][  0]LogConfig: Setting CVar [[r.AmbientOcclusionMaxQuality:100]]
[2020.06.14-17.39.46:017][  0]LogConfig: Setting CVar [[r.AmbientOcclusionLevels:-1]]
[2020.06.14-17.39.46:017][  0]LogConfig: Setting CVar [[r.AmbientOcclusionRadiusScale:1.0]]
[2020.06.14-17.39.46:017][  0]LogConfig: Setting CVar [[r.DepthOfFieldQuality:2]]
[2020.06.14-17.39.46:017][  0]LogConfig: Setting CVar [[r.RenderTargetPoolMin:400]]
[2020.06.14-17.39.46:017][  0]LogConfig: Setting CVar [[r.LensFlareQuality:2]]
[2020.06.14-17.39.46:017][  0]LogConfig: Setting CVar [[r.SceneColorFringeQuality:1]]
[2020.06.14-17.39.46:017][  0]LogConfig: Setting CVar [[r.EyeAdaptationQuality:2]]
[2020.06.14-17.39.46:017][  0]LogConfig: Setting CVar [[r.BloomQuality:5]]
[2020.06.14-17.39.46:017][  0]LogConfig: Setting CVar [[r.FastBlurThreshold:100]]
[2020.06.14-17.39.46:017][  0]LogConfig: Setting CVar [[r.Upscale.Quality:3]]
[2020.06.14-17.39.46:017][  0]LogConfig: Setting CVar [[r.Tonemapper.GrainQuantization:1]]
[2020.06.14-17.39.46:018][  0]LogConfig: Setting CVar [[r.LightShaftQuality:1]]
[2020.06.14-17.39.46:018][  0]LogConfig: Setting CVar [[r.Filter.SizeScale:1]]
[2020.06.14-17.39.46:018][  0]LogConfig: Setting CVar [[r.Tonemapper.Quality:5]]
[2020.06.14-17.39.46:018][  0]LogConfig: Setting CVar [[r.DOF.Gather.AccumulatorQuality:1        ; higher gathering accumulator quality]]
[2020.06.14-17.39.46:018][  0]LogConfig: Setting CVar [[r.DOF.Gather.PostfilterMethod:1          ; Median3x3 postfilering method]]
[2020.06.14-17.39.46:018][  0]LogConfig: Setting CVar [[r.DOF.Gather.EnableBokehSettings:0       ; no bokeh simulation when gathering]]
[2020.06.14-17.39.46:018][  0]LogConfig: Setting CVar [[r.DOF.Gather.RingCount:4                 ; medium number of samples when gathering]]
[2020.06.14-17.39.46:018][  0]LogConfig: Setting CVar [[r.DOF.Scatter.ForegroundCompositing:1    ; additive foreground scattering]]
[2020.06.14-17.39.46:018][  0]LogConfig: Setting CVar [[r.DOF.Scatter.BackgroundCompositing:2    ; additive background scattering]]
[2020.06.14-17.39.46:018][  0]LogConfig: Setting CVar [[r.DOF.Scatter.EnableBokehSettings:1      ; bokeh simulation when scattering]]
[2020.06.14-17.39.46:018][  0]LogConfig: Setting CVar [[r.DOF.Scatter.MaxSpriteRatio:0.1         ; only a maximum of 10% of scattered bokeh]]
[2020.06.14-17.39.46:018][  0]LogConfig: Setting CVar [[r.DOF.Recombine.Quality:1                ; cheap slight out of focus]]
[2020.06.14-17.39.46:018][  0]LogConfig: Setting CVar [[r.DOF.Recombine.EnableBokehSettings:0    ; no bokeh simulation on slight out of focus]]
[2020.06.14-17.39.46:018][  0]LogConfig: Setting CVar [[r.DOF.TemporalAAQuality:1                ; more stable temporal accumulation]]
[2020.06.14-17.39.46:018][  0]LogConfig: Setting CVar [[r.DOF.Kernel.MaxForegroundRadius:0.025]]
[2020.06.14-17.39.46:018][  0]LogConfig: Setting CVar [[r.DOF.Kernel.MaxBackgroundRadius:0.025]]
[2020.06.14-17.39.46:018][  0]LogConfig: Applying CVar settings from Section [TextureQuality@3] File [C:/Users/mohit/Documents/GitHub/UnrealEngine_Praharsh/Pinball_Praharsh/Saved/Config/Windows/Scalability.ini]
[2020.06.14-17.39.46:018][  0]LogConfig: Setting CVar [[r.Streaming.MipBias:0]]
[2020.06.14-17.39.46:018][  0]LogConfig: Setting CVar [[r.Streaming.AmortizeCPUToGPUCopy:0]]
[2020.06.14-17.39.46:018][  0]LogConfig: Setting CVar [[r.Streaming.MaxNumTexturesToStreamPerFrame:0]]
[2020.06.14-17.39.46:018][  0]LogConfig: Setting CVar [[r.Streaming.Boost:1]]
[2020.06.14-17.39.46:018][  0]LogConfig: Setting CVar [[r.MaxAnisotropy:8]]
[2020.06.14-17.39.46:018][  0]LogConfig: Setting CVar [[r.VT.MaxAnisotropy:8]]
[2020.06.14-17.39.46:018][  0]LogConfig: Setting CVar [[r.Streaming.LimitPoolSizeToVRAM:0]]
[2020.06.14-17.39.46:018][  0]LogConfig: Setting CVar [[r.Streaming.PoolSize:1000]]
[2020.06.14-17.39.46:018][  0]LogConfig: Setting CVar [[r.Streaming.MaxEffectiveScreenSize:0]]
[2020.06.14-17.39.46:018][  0]LogConfig: Applying CVar settings from Section [EffectsQuality@3] File [C:/Users/mohit/Documents/GitHub/UnrealEngine_Praharsh/Pinball_Praharsh/Saved/Config/Windows/Scalability.ini]
[2020.06.14-17.39.46:018][  0]LogConfig: Setting CVar [[r.TranslucencyLightingVolumeDim:64]]
[2020.06.14-17.39.46:018][  0]LogConfig: Setting CVar [[r.RefractionQuality:2]]
[2020.06.14-17.39.46:018][  0]LogConfig: Setting CVar [[r.SSR.Quality:3]]
[2020.06.14-17.39.46:018][  0]LogConfig: Setting CVar [[r.SSR.HalfResSceneColor:0]]
[2020.06.14-17.39.46:018][  0]LogConfig: Setting CVar [[r.SceneColorFormat:4]]
[2020.06.14-17.39.46:018][  0]LogConfig: Setting CVar [[r.DetailMode:2]]
[2020.06.14-17.39.46:018][  0]LogConfig: Setting CVar [[r.TranslucencyVolumeBlur:1]]
[2020.06.14-17.39.46:018][  0]LogConfig: Setting CVar [[r.MaterialQualityLevel:1 ; High quality]]
[2020.06.14-17.39.46:018][  0]LogConfig: Setting CVar [[r.SSS.Scale:1]]
[2020.06.14-17.39.46:018][  0]LogConfig: Setting CVar [[r.SSS.SampleSet:2]]
[2020.06.14-17.39.46:018][  0]LogConfig: Setting CVar [[r.SSS.Quality:1]]
[2020.06.14-17.39.46:018][  0]LogConfig: Setting CVar [[r.SSS.HalfRes:0]]
[2020.06.14-17.39.46:018][  0]LogConfig: Setting CVar [[r.SSGI.Quality:3]]
[2020.06.14-17.39.46:018][  0]LogConfig: Setting CVar [[r.EmitterSpawnRateScale:1.0]]
[2020.06.14-17.39.46:018][  0]LogConfig: Setting CVar [[r.ParticleLightQuality:2]]
[2020.06.14-17.39.46:018][  0]LogConfig: Setting CVar [[r.SkyAtmosphere.AerialPerspectiveLUT.FastApplyOnOpaque:1 ; Always have FastSkyLUT 1 in this case to avoid wrong sky]]
[2020.06.14-17.39.46:018][  0]LogConfig: Setting CVar [[r.SkyAtmosphere.AerialPerspectiveLUT.SampleCountPerSlice:1]]
[2020.06.14-17.39.46:018][  0]LogConfig: Setting CVar [[r.SkyAtmosphere.AerialPerspectiveLUT.DepthResolution:16.0]]
[2020.06.14-17.39.46:018][  0]LogConfig: Setting CVar [[r.SkyAtmosphere.FastSkyLUT:1]]
[2020.06.14-17.39.46:018][  0]LogConfig: Setting CVar [[r.SkyAtmosphere.FastSkyLUT.SampleCountMin:4.0]]
[2020.06.14-17.39.46:018][  0]LogConfig: Setting CVar [[r.SkyAtmosphere.FastSkyLUT.SampleCountMax:32.0]]
[2020.06.14-17.39.46:018][  0]LogConfig: Setting CVar [[r.SkyAtmosphere.SampleCountMin:4.0]]
[2020.06.14-17.39.46:018][  0]LogConfig: Setting CVar [[r.SkyAtmosphere.SampleCountMax:32.0]]
[2020.06.14-17.39.46:018][  0]LogConfig: Setting CVar [[r.SkyAtmosphere.TransmittanceLUT.UseSmallFormat:0]]
[2020.06.14-17.39.46:018][  0]LogConfig: Setting CVar [[r.SkyAtmosphere.TransmittanceLUT.SampleCount:10.0]]
[2020.06.14-17.39.46:018][  0]LogConfig: Setting CVar [[r.SkyAtmosphere.MultiScatteringLUT.SampleCount:15.0]]
[2020.06.14-17.39.46:018][  0]LogConfig: Applying CVar settings from Section [FoliageQuality@3] File [C:/Users/mohit/Documents/GitHub/UnrealEngine_Praharsh/Pinball_Praharsh/Saved/Config/Windows/Scalability.ini]
[2020.06.14-17.39.46:018][  0]LogConfig: Setting CVar [[foliage.DensityScale:1.0]]
[2020.06.14-17.39.46:018][  0]LogConfig: Setting CVar [[grass.DensityScale:1.0]]
[2020.06.14-17.39.46:018][  0]LogConfig: Applying CVar settings from Section [ShadingQuality@3] File [C:/Users/mohit/Documents/GitHub/UnrealEngine_Praharsh/Pinball_Praharsh/Saved/Config/Windows/Scalability.ini]
[2020.06.14-17.39.46:018][  0]LogConfig: Setting CVar [[r.HairStrands.SkyLighting.SampleCount:16]]
[2020.06.14-17.39.46:018][  0]LogConfig: Setting CVar [[r.HairStrands.SkyLighting.JitterIntegration:0]]
[2020.06.14-17.39.46:018][  0]LogConfig: Setting CVar [[r.HairStrands.SkyAO.SampleCount:16]]
[2020.06.14-17.39.46:018][  0]LogConfig: Setting CVar [[r.HairStrands.DeepShadow.SuperSampling:0]]
[2020.06.14-17.39.46:018][  0]LogConfig: Setting CVar [[r.HairStrands.VisibilityPPLL:0]]
[2020.06.14-17.39.46:018][  0]LogConfig: Setting CVar [[r.HairStrands.RasterizationScale:0.5]]
[2020.06.14-17.39.46:018][  0]LogConfig: Setting CVar [[r.HairStrands.VelocityRasterizationScale:1]]
[2020.06.14-17.39.46:018][  0]LogConfig: Applying CVar settings from Section [Startup] File [../../../Engine/Config/ConsoleVariables.ini]
[2020.06.14-17.39.46:019][  0]LogConfig: Setting CVar [[net.UseAdaptiveNetUpdateFrequency:0]]
[2020.06.14-17.39.46:019][  0]LogConfig: Setting CVar [[p.chaos.AllowCreatePhysxBodies:1]]
[2020.06.14-17.39.46:019][  0]LogConfig: Setting CVar [[fx.SkipVectorVMBackendOptimizations:1]]
[2020.06.14-17.39.46:019][  0]LogConfig: Applying CVar settings from Section [ConsoleVariables] File [C:/Users/mohit/Documents/GitHub/UnrealEngine_Praharsh/Pinball_Praharsh/Saved/Config/Windows/Engine.ini]
[2020.06.14-17.39.46:019][  0]LogInit: Computer: DESKTOP-MLHC4VR
[2020.06.14-17.39.46:019][  0]LogInit: User: mohit
[2020.06.14-17.39.46:019][  0]LogInit: CPU Page size=4096, Cores=4
[2020.06.14-17.39.46:019][  0]LogInit: High frequency timer resolution =10.000000 MHz
[2020.06.14-17.39.46:019][  0]LogMemory: Memory total: Physical=7.9GB (8GB approx)
[2020.06.14-17.39.46:019][  0]LogMemory: Platform Memory Stats for Windows
[2020.06.14-17.39.46:019][  0]LogMemory: Process Physical Memory: 113.74 MB used, 113.75 MB peak
[2020.06.14-17.39.46:019][  0]LogMemory: Process Virtual Memory: 95.73 MB used, 95.73 MB peak
[2020.06.14-17.39.46:019][  0]LogMemory: Physical Memory: 5961.32 MB used,  2097.14 MB free, 8058.46 MB total
[2020.06.14-17.39.46:019][  0]LogMemory: Virtual Memory: 5127.75 MB used,  134212600.00 MB free, 134217728.00 MB total
[2020.06.14-17.39.46:025][  0]LogWindows: WindowsPlatformFeatures enabled
[2020.06.14-17.39.46:068][  0]LogInit: Physics initialised using underlying interface: PhysX
[2020.06.14-17.39.46:069][  0]LogInit: Using OS detected language (en-US).
[2020.06.14-17.39.46:069][  0]LogInit: Using OS detected locale (en-IN).
[2020.06.14-17.39.46:071][  0]LogTextLocalizationManager: No specific localization for 'en-US' exists, so the 'en' localization will be used.
[2020.06.14-17.39.46:285][  0]LogInit: Setting process to per monitor DPI aware
[2020.06.14-17.39.46:318][  0]LogSlate: New Slate User Created.  User Index 0, Is Virtual User: 0
[2020.06.14-17.39.46:318][  0]LogSlate: Slate User Registered.  User Index 0, Is Virtual User: 0
[2020.06.14-17.39.46:491][  0]LogHMD: Failed to initialize OpenVR with code 110
[2020.06.14-17.39.46:491][  0]LogD3D11RHI: D3D11 min allowed feature level: 11_0
[2020.06.14-17.39.46:491][  0]LogD3D11RHI: D3D11 max allowed feature level: 11_0
[2020.06.14-17.39.46:491][  0]LogD3D11RHI: D3D11 adapters:
[2020.06.14-17.39.46:559][  0]LogD3D11RHI:    0. 'NVIDIA GeForce GTX 1050' (Feature Level 11_0)
[2020.06.14-17.39.46:559][  0]LogD3D11RHI:       4019/0/4029 MB DedicatedVideo/DedicatedSystem/SharedSystem, Outputs:1, VendorId:0x10de
[2020.06.14-17.39.46:573][  0]LogD3D11RHI:    1. 'Intel(R) HD Graphics 630' (Feature Level 11_0)
[2020.06.14-17.39.46:573][  0]LogD3D11RHI:       128/0/4029 MB DedicatedVideo/DedicatedSystem/SharedSystem, Outputs:0, VendorId:0x8086
[2020.06.14-17.39.46:576][  0]LogD3D11RHI:    2. 'Microsoft Basic Render Driver' (Feature Level 11_0)
[2020.06.14-17.39.46:576][  0]LogD3D11RHI:       0/0/4029 MB DedicatedVideo/DedicatedSystem/SharedSystem, Outputs:0, VendorId:0x1414
[2020.06.14-17.39.46:576][  0]LogD3D11RHI: Chosen D3D11 Adapter: 0
[2020.06.14-17.39.46:624][  0]LogD3D11RHI: Creating new Direct3DDevice
[2020.06.14-17.39.46:624][  0]LogD3D11RHI:     GPU DeviceId: 0x1c8d (for the marketing name, search the web for "GPU Device Id")
[2020.06.14-17.39.46:624][  0]LogWindows: EnumDisplayDevices:
[2020.06.14-17.39.46:624][  0]LogWindows:    0. 'Intel(R) HD Graphics 630' (P:1 D:1)
[2020.06.14-17.39.46:625][  0]LogWindows:    1. 'Intel(R) HD Graphics 630' (P:0 D:0)
[2020.06.14-17.39.46:625][  0]LogWindows:    2. 'Intel(R) HD Graphics 630' (P:0 D:0)
[2020.06.14-17.39.46:625][  0]LogWindows:    3. 'NVIDIA GeForce GTX 1050' (P:0 D:0)
[2020.06.14-17.39.46:626][  0]LogWindows: DebugString: PrimaryIsNotTheChoosenAdapter PrimaryIsNotTheChoosenAdapter PrimaryIsNotTheChoosenAdapter 
[2020.06.14-17.39.46:626][  0]LogD3D11RHI:     Adapter Name: NVIDIA GeForce GTX 1050
[2020.06.14-17.39.46:626][  0]LogD3D11RHI:   Driver Version: 441.66 (internal:26.21.14.4166, unified:441.66)
[2020.06.14-17.39.46:626][  0]LogD3D11RHI:      Driver Date: 12-6-2019
[2020.06.14-17.39.46:626][  0]LogRHI: Texture pool is 2813 MB (70% of 4019 MB)
[2020.06.14-17.39.46:687][  0]LogD3D11RHI: RHI has support for 64 bit atomics
[2020.06.14-17.39.46:689][  0]LogD3D11RHI: [Aftermath] Enabled and primed
[2020.06.14-17.39.46:689][  0]LogD3D11RHI: Async texture creation enabled
[2020.06.14-17.39.46:689][  0]LogD3D11RHI: Array index from any shader is supported
[2020.06.14-17.39.46:755][  0]LogD3D11RHI: GPU Timing Frequency: 1000.000000 (Debug: 2 1)
[2020.06.14-17.39.47:138][  0]LogTargetPlatformManager: Display: Loaded TargetPlatform 'AllDesktop'
[2020.06.14-17.39.47:162][  0]LogTargetPlatformManager: Display: Loaded TargetPlatform 'Android'
[2020.06.14-17.39.47:162][  0]LogTargetPlatformManager: Display: Loaded TargetPlatform 'Android_ASTC'
[2020.06.14-17.39.47:162][  0]LogTargetPlatformManager: Display: Loaded TargetPlatform 'Android_DXT'
[2020.06.14-17.39.47:163][  0]LogTargetPlatformManager: Display: Loaded TargetPlatform 'Android_ETC2'
[2020.06.14-17.39.47:163][  0]LogTargetPlatformManager: Display: Loaded TargetPlatform 'AndroidClient'
[2020.06.14-17.39.47:163][  0]LogTargetPlatformManager: Display: Loaded TargetPlatform 'Android_ASTCClient'
[2020.06.14-17.39.47:163][  0]LogTargetPlatformManager: Display: Loaded TargetPlatform 'Android_DXTClient'
[2020.06.14-17.39.47:163][  0]LogTargetPlatformManager: Display: Loaded TargetPlatform 'Android_ETC2Client'
[2020.06.14-17.39.47:163][  0]LogTargetPlatformManager: Display: Loaded TargetPlatform 'Android_Multi'
[2020.06.14-17.39.47:163][  0]LogTargetPlatformManager: Display: Loaded TargetPlatform 'Android_MultiClient'
[2020.06.14-17.39.47:188][  0]LogTargetPlatformManager: Display: Loaded TargetPlatform 'IOSClient'
[2020.06.14-17.39.47:188][  0]LogTargetPlatformManager: Display: Loaded TargetPlatform 'IOS'
[2020.06.14-17.39.47:199][  0]LogTargetPlatformManager: Display: Loaded TargetPlatform 'Linux'
[2020.06.14-17.39.47:208][  0]LogTargetPlatformManager: Display: Loaded TargetPlatform 'LinuxNoEditor'
[2020.06.14-17.39.47:219][  0]LogTargetPlatformManager: Display: Loaded TargetPlatform 'LinuxClient'
[2020.06.14-17.39.47:229][  0]LogTargetPlatformManager: Display: Loaded TargetPlatform 'LinuxServer'
[2020.06.14-17.39.47:240][  0]LogTargetPlatformManager: Display: Loaded TargetPlatform 'LinuxAArch64NoEditor'
[2020.06.14-17.39.47:251][  0]LogTargetPlatformManager: Display: Loaded TargetPlatform 'LinuxAArch64Client'
[2020.06.14-17.39.47:261][  0]LogTargetPlatformManager: Display: Loaded TargetPlatform 'LinuxAArch64Server'
[2020.06.14-17.39.47:291][  0]LogTargetPlatformManager: Display: Loaded TargetPlatform 'Lumin'
[2020.06.14-17.39.47:291][  0]LogTargetPlatformManager: Display: Loaded TargetPlatform 'LuminClient'
[2020.06.14-17.39.47:309][  0]LogTargetPlatformManager: Display: Loaded TargetPlatform 'TVOSClient'
[2020.06.14-17.39.47:309][  0]LogTargetPlatformManager: Display: Loaded TargetPlatform 'TVOS'
[2020.06.14-17.39.47:320][  0]LogTargetPlatformManager: Display: Loaded TargetPlatform 'WindowsNoEditor'
[2020.06.14-17.39.47:332][  0]LogTargetPlatformManager: Display: Loaded TargetPlatform 'Windows'
[2020.06.14-17.39.47:341][  0]LogTargetPlatformManager: Display: Loaded TargetPlatform 'WindowsClient'
[2020.06.14-17.39.47:353][  0]LogTargetPlatformManager: Display: Loaded TargetPlatform 'WindowsServer'
[2020.06.14-17.39.47:354][  0]LogTargetPlatformManager: Display: Building Assets For Windows
[2020.06.14-17.39.47:363][  0]LogAudioDebug: Display: Lib vorbis DLL was dynamically loaded.
[2020.06.14-17.39.47:430][  0]LogShaderCompilers: Guid format shader working directory is -24 characters bigger than the processId version (C:/Users/mohit/Documents/GitHub/UnrealEngine_Praharsh/Pinball_Praharsh/Intermediate/Shaders/WorkingDirectory/2884/).
[2020.06.14-17.39.47:430][  0]LogShaderCompilers: Cleaned the shader compiler working directory 'C:/Users/mohit/AppData/Local/Temp/UnrealShaderWorkingDir/1186F92944A4A9A1166A218651772562/'.
[2020.06.14-17.39.47:431][  0]LogXGEController: Cannot use XGE Controller as Incredibuild is not installed on this machine.
[2020.06.14-17.39.47:431][  0]LogShaderCompilers: Cannot use XGE Shader Compiler as Incredibuild is not installed on this machine.
[2020.06.14-17.39.47:431][  0]LogShaderCompilers: Display: Using Local Shader Compiler.
[2020.06.14-17.39.48:395][  0]LogDerivedDataCache: Display: Max Cache Size: 512 MB
[2020.06.14-17.39.48:496][  0]LogDerivedDataCache: Loaded boot cache 0.10s 104MB C:/Users/mohit/AppData/Local/UnrealEngine/4.25/DerivedDataCache/Boot.ddc.
[2020.06.14-17.39.48:496][  0]LogDerivedDataCache: Display: Loaded Boot cache: C:/Users/mohit/AppData/Local/UnrealEngine/4.25/DerivedDataCache/Boot.ddc
[2020.06.14-17.39.48:496][  0]LogDerivedDataCache: FDerivedDataBackendGraph:  Pak pak cache file C:/Users/mohit/Documents/GitHub/UnrealEngine_Praharsh/Pinball_Praharsh/DerivedDataCache/DDC.ddp not found, will not use a pak cache.
[2020.06.14-17.39.48:496][  0]LogDerivedDataCache: Unable to find inner node Pak for hierarchical cache Hierarchy.
[2020.06.14-17.39.48:496][  0]LogDerivedDataCache: FDerivedDataBackendGraph:  CompressedPak pak cache file C:/Users/mohit/Documents/GitHub/UnrealEngine_Praharsh/Pinball_Praharsh/DerivedDataCache/Compressed.ddp not found, will not use a pak cache.
[2020.06.14-17.39.48:496][  0]LogDerivedDataCache: Unable to find inner node CompressedPak for hierarchical cache Hierarchy.
[2020.06.14-17.39.48:509][  0]LogDerivedDataCache: Display: Pak cache opened for reading ../../../Engine/DerivedDataCache/Compressed.ddp.
[2020.06.14-17.39.48:509][  0]LogDerivedDataCache: FDerivedDataBackendGraph:  EnterprisePak pak cache file ../../../Enterprise/DerivedDataCache/Compressed.ddp not found, will not use a pak cache.
[2020.06.14-17.39.48:509][  0]LogDerivedDataCache: Unable to find inner node EnterprisePak for hierarchical cache Hierarchy.
[2020.06.14-17.39.48:511][  0]LogDerivedDataCache: Using Local data cache path C:/Users/mohit/AppData/Local/UnrealEngine/Common/DerivedDataCache: Writable
[2020.06.14-17.39.48:511][  0]LogDerivedDataCache: Shared data cache path not found in *engine.ini, will not use an Shared cache.
[2020.06.14-17.39.48:511][  0]LogDerivedDataCache: Unable to find inner node Shared for hierarchical cache Hierarchy.
[2020.06.14-17.39.48:588][  0]LogSlate: Using FreeType 2.10.0
[2020.06.14-17.39.48:589][  0]LogSlate: SlateFontServices - WITH_FREETYPE: 1, WITH_HARFBUZZ: 1
[2020.06.14-17.39.48:622][  0]LogAssetRegistry: FAssetRegistry took 0.0029 seconds to start up
[2020.06.14-17.39.48:887][  0]LogInit: Selected Device Profile: [Windows]
[2020.06.14-17.39.49:030][  0]LogMeshReduction: Using QuadricMeshReduction for automatic static mesh reduction
[2020.06.14-17.39.49:030][  0]LogMeshReduction: Using SimplygonMeshReduction for automatic skeletal mesh reduction
[2020.06.14-17.39.49:030][  0]LogMeshReduction: Using ProxyLODMeshReduction for automatic mesh merging
[2020.06.14-17.39.49:030][  0]LogMeshReduction: No distributed automatic mesh merging module available
[2020.06.14-17.39.49:030][  0]LogMeshMerging: No distributed automatic mesh merging module available
[2020.06.14-17.39.49:049][  0]LogNetVersion: Pinball_Praharsh 1.0.0, NetCL: 13144385, EngineNetVer: 14, GameNetVer: 0 (Checksum: 1455858)
[2020.06.14-17.39.49:568][  0]LogAISub: UAISubsystem::UAISubsystem AISubsystem (0000027DECEFA300), frame # 0
[2020.06.14-17.39.49:568][  0]LogAISub: UAISubsystem::UAISubsystem AIPerceptionSystem (0000027DECE76D40), frame # 0
[2020.06.14-17.39.49:569][  0]LogAISub: UAISubsystem::UAISubsystem EnvQueryManager (0000027DECEC5E00), frame # 0
[2020.06.14-17.39.49:665][  0]LogPackageLocalizationCache: Processed 19 localized package path(s) for 1 prioritized culture(s) in 0.088592 seconds
[2020.06.14-17.39.49:671][  0]LogUObjectArray: 15917 objects as part of root set at end of initial load.
[2020.06.14-17.39.49:671][  0]LogUObjectAllocator: 3965568 out of 0 bytes used by permanent object pool.
[2020.06.14-17.39.49:671][  0]LogUObjectArray: CloseDisregardForGC: 0/0 objects in disregard for GC pool
[2020.06.14-17.39.50:052][  0]LogTcpMessaging: Initializing TcpMessaging bridge
[2020.06.14-17.39.50:057][  0]LogUdpMessaging: Initializing bridge on interface 0.0.0.0:0 to multicast group 230.0.0.1:6666.
[2020.06.14-17.39.50:146][  0]SourceControl: Source control is disabled
[2020.06.14-17.39.50:146][  0]SourceControl: Source control is disabled
[2020.06.14-17.39.50:149][  0]SourceControl: Source control is disabled
[2020.06.14-17.39.50:153][  0]SourceControl: Source control is disabled
[2020.06.14-17.39.50:160][  0]SourceControl: Source control is disabled
[2020.06.14-17.39.50:184][  0]LogVSAccessor: Display: Unable to create Visual Studio setup instance: 80040154
[2020.06.14-17.39.50:185][  0]LogVSAccessor: Display: Unable to create Visual Studio setup instance: 80040154
[2020.06.14-17.39.50:429][  0]LogAndroidPermission: UAndroidPermissionCallbackProxy::GetInstance
[2020.06.14-17.39.50:452][  0]LogAudioCaptureCore: Display: No Audio Capture implementations found. Audio input will be silent.
[2020.06.14-17.39.50:452][  0]LogAudioCaptureCore: Display: No Audio Capture implementations found. Audio input will be silent.
[2020.06.14-17.39.50:512][  0]LogOcInput: OculusInput pre-init called
[2020.06.14-17.39.50:523][  0]LogWindows: Failed to load 'OVRPlugin.dll' (GetLastError=126)
[2020.06.14-17.39.50:523][  0]LogWindows: File 'OVRPlugin.dll' does not exist
[2020.06.14-17.39.50:592][  0]LogEngine: Initializing Engine...
[2020.06.14-17.39.50:593][  0]LogHMD: Failed to initialize OpenVR with code 110
[2020.06.14-17.39.50:593][  0]LogMagicLeap: Warning: VR disabled because ZI is not enabled.  To enable, in the editor, Edit -> Project Settings -> Plugins -> Magic Leap Plugin -> Enable Zero Iteration
[2020.06.14-17.39.50:594][  0]LogStats: UGameplayTagsManager::InitializeManager -  0.000 s
[2020.06.14-17.39.50:756][  0]LogInit: Initializing FReadOnlyCVARCache
[2020.06.14-17.39.50:765][  0]LogAIModule: Creating AISystem for world Untitled
[2020.06.14-17.39.50:765][  0]LogAISub: UAISubsystem::UAISubsystem EnvQueryManager (0000027DF0877C00), frame # 0
[2020.06.14-17.39.50:765][  0]LogAISub: UAISubsystem::UAISubsystem AIPerceptionSystem (0000027DF08E16C0), frame # 0
[2020.06.14-17.39.50:792][  0]LogAudioMixer: Display: Audio Mixer Platform Settings:
[2020.06.14-17.39.50:792][  0]LogAudioMixer: Display: 	Sample Rate:						  48000
[2020.06.14-17.39.50:792][  0]LogAudioMixer: Display: 	Callback Buffer Frame Size Requested: 1024
[2020.06.14-17.39.50:792][  0]LogAudioMixer: Display: 	Callback Buffer Frame Size To Use:	  1024
[2020.06.14-17.39.50:792][  0]LogAudioMixer: Display: 	Number of buffers to queue:			  2
[2020.06.14-17.39.50:792][  0]LogAudioMixer: Display: 	Max Channels (voices):				  32
[2020.06.14-17.39.50:792][  0]LogAudioMixer: Display: 	Number of Async Source Workers:		  0
[2020.06.14-17.39.50:792][  0]LogAudio: Display: AudioDevice MaxSources: 32
[2020.06.14-17.39.50:792][  0]LogAudio: Display: Using built-in audio occlusion.
[2020.06.14-17.39.50:792][  0]LogAudioMixer: Display: Initializing audio mixer.
[2020.06.14-17.39.50:803][  0]LogAudioMixer: Display: 0: FrontLeft
[2020.06.14-17.39.50:803][  0]LogAudioMixer: Display: 1: FrontRight
[2020.06.14-17.39.50:917][  0]LogAudioMixer: Display: Using Audio Device Speakers / Headphones (Realtek Audio)
[2020.06.14-17.39.50:921][  0]LogAudioMixer: Display: Initializing Sound Submixes...
[2020.06.14-17.39.50:923][  0]LogAudioMixer: Display: Creating Master Submix 'MasterSubmixDefault'
[2020.06.14-17.39.50:923][  0]LogAudioMixer: Display: Creating Master Submix 'MasterReverbSubmixDefault'
[2020.06.14-17.39.50:924][  0]LogAudioMixer: Display: Creating Master Submix 'MasterEQSubmixDefault'
[2020.06.14-17.39.50:926][  0]LogInit: FAudioDevice initialized.
[2020.06.14-17.39.50:926][  0]LogNetVersion: Set ProjectVersion to 1.0.0.0. Version Checksum will be recalculated on next use.
[2020.06.14-17.39.51:117][  0]LogDerivedDataCache: Saved boot cache 0.19s 104MB C:/Users/mohit/AppData/Local/UnrealEngine/4.25/DerivedDataCache/Boot.ddc.
[2020.06.14-17.39.51:123][  0]LogInit: Texture streaming: Enabled
[2020.06.14-17.39.51:140][  0]LogEngineSessionManager: EngineSessionManager initialized
[2020.06.14-17.39.51:140][  0]LogEditorSessionSummary: Verbose: Initializing EditorSessionSummaryWriter for editor session tracking
[2020.06.14-17.39.51:142][  0]LogEditorSessionSummary: EditorSessionSummaryWriter initialized
[2020.06.14-17.39.51:215][  0]LogInit: Transaction tracking system initialized
[2020.06.14-17.39.51:239][  0]BlueprintLog: New page: Editor Load
[2020.06.14-17.39.51:334][  0]LocalizationService: Localization service is disabled
[2020.06.14-17.39.51:424][  0]LogVSAccessor: Display: Unable to create Visual Studio setup instance: 80040154
[2020.06.14-17.39.51:426][  0]LogVSAccessor: Display: Unable to create Visual Studio setup instance: 80040154
[2020.06.14-17.39.51:505][  0]LogCook: Display: Max memory allowance for cook 16384mb min free memory 0mb
[2020.06.14-17.39.51:505][  0]LogCook: Display: Mobile HDR setting 1
[2020.06.14-17.39.51:541][  0]LogFileCache: Scanning file cache for directory 'C:/Users/mohit/Documents/GitHub/UnrealEngine_Praharsh/Pinball_Praharsh/Content/' took 0.00s
[2020.06.14-17.39.51:541][  0]LogLinker: Warning: Failed to load '/Engine/BasicShapes/Cube': Can't find file.
[2020.06.14-17.39.51:541][  0]LogLinker: Warning: Failed to load '/Engine/BasicShapes/Cube': Can't find file.
[2020.06.14-17.39.51:541][  0]LogUObjectGlobals: Warning: Failed to find object 'StaticMesh /Engine/BasicShapes/Cube.Cube'
[2020.06.14-17.39.51:926][  0]SourceControl: Source control is disabled
[2020.06.14-17.39.51:926][  0]LogUnrealEdMisc: Loading editor; pre map load, took 7.096
[2020.06.14-17.39.51:926][  0]Cmd: MAP LOAD FILE="../../../Engine/Content/Maps/Templates/Template_Default.umap" TEMPLATE=1 SHOWPROGRESS=1 FEATURELEVEL=3
[2020.06.14-17.39.51:926][  0]LightingResults: New page: Lighting Build
[2020.06.14-17.39.51:927][  0]LogWorld: UWorld::CleanupWorld for Untitled, bSessionEnded=true, bCleanupResources=true
[2020.06.14-17.39.51:927][  0]LogSlate: InvalidateAllWidgets triggered.  All widgets were invalidated
[2020.06.14-17.39.51:927][  0]MapCheck: New page: Map Check
[2020.06.14-17.39.51:927][  0]LightingResults: New page: Lighting Build
[2020.06.14-17.39.51:937][  0]LogAISub: UAISubsystem::~UAISubsystem EnvQueryManager (0000027DF0877C00), frame # 0
[2020.06.14-17.39.51:937][  0]LogAISub: UAISubsystem::~UAISubsystem AIPerceptionSystem (0000027DF08E16C0), frame # 0
[2020.06.14-17.39.51:938][  0]LogUObjectHash: Compacting FUObjectHashTables data took   0.68ms
[2020.06.14-17.39.52:009][  0]LogAIModule: Creating AISystem for world Untitled_1
[2020.06.14-17.39.52:010][  0]LogAISub: UAISubsystem::UAISubsystem EnvQueryManager (0000027DDA679200), frame # 0
[2020.06.14-17.39.52:010][  0]LogAISub: UAISubsystem::UAISubsystem AIPerceptionSystem (0000027DE14B9A80), frame # 0
[2020.06.14-17.39.52:014][  0]LogEditorServer: Finished looking for orphan Actors (0.000 secs)
[2020.06.14-17.39.52:023][  0]LogUObjectHash: Compacting FUObjectHashTables data took   0.86ms
[2020.06.14-17.39.52:023][  0]Cmd: MAP CHECKDEP NOCLEARLOG
[2020.06.14-17.39.52:023][  0]MapCheck: Map check complete: 0 Error(s), 0 Warning(s), took 0.191ms to complete.
[2020.06.14-17.39.52:024][  0]LogFileHelpers: Loading map 'Template_Default' took 0.098
[2020.06.14-17.39.52:026][  0]LogUnrealEdMisc: Total Editor Startup Time, took 7.196
[2020.06.14-17.39.52:188][  0]LogSlate: Updating window title bar state: overlay mode, drag disabled, window buttons hidden, title bar hidden
[2020.06.14-17.39.52:196][  0]LogSlate: Updating window title bar state: overlay mode, drag disabled, window buttons hidden, title bar hidden
[2020.06.14-17.39.52:204][  0]LogSlate: Updating window title bar state: overlay mode, drag disabled, window buttons hidden, title bar hidden
[2020.06.14-17.39.52:213][  0]LogSlate: Updating window title bar state: overlay mode, drag disabled, window buttons hidden, title bar hidden
[2020.06.14-17.39.52:220][  0]LogCollectionManager: Loaded 0 collections in 0.000894 seconds
[2020.06.14-17.39.52:235][  0]LogFileCache: Scanning file cache for directory 'C:/Users/mohit/Documents/GitHub/UnrealEngine_Praharsh/Pinball_Praharsh/Saved/Collections/' took 0.00s
[2020.06.14-17.39.52:235][  0]LogFileCache: Scanning file cache for directory 'C:/Users/mohit/Documents/GitHub/UnrealEngine_Praharsh/Pinball_Praharsh/Content/Developers/mohit/Collections/' took 0.00s
[2020.06.14-17.39.52:235][  0]LogFileCache: Scanning file cache for directory 'C:/Users/mohit/Documents/GitHub/UnrealEngine_Praharsh/Pinball_Praharsh/Content/Collections/' took 0.00s
[2020.06.14-17.39.52:235][  0]LogContentBrowser: Native class hierarchy populated in 0.0102 seconds. Added 3426 classes and 820 folders.
[2020.06.14-17.39.52:238][  0]LogContentBrowser: Native class hierarchy updated for 'WidgetCarousel' in 0.0004 seconds. Added 0 classes and 0 folders.
[2020.06.14-17.39.52:281][  0]LogContentBrowser: Native class hierarchy updated for 'AddContentDialog' in 0.0003 seconds. Added 0 classes and 0 folders.
[2020.06.14-17.39.52:282][  0]LogContentBrowser: Native class hierarchy updated for 'SceneOutliner' in 0.0002 seconds. Added 2 classes and 0 folders.
[2020.06.14-17.39.52:342][  0]LogSlate: Took 0.000178 seconds to synchronously load lazily loaded font '../../../Engine/Content/Slate/Fonts/Roboto-Regular.ttf' (155K)
[2020.06.14-17.39.52:345][  0]LogSlate: Took 0.000169 seconds to synchronously load lazily loaded font '../../../Engine/Content/Slate/Fonts/Roboto-Bold.ttf' (160K)
[2020.06.14-17.39.52:350][  0]LogSlate: Took 0.000164 seconds to synchronously load lazily loaded font '../../../Engine/Content/Editor/Slate/Fonts/FontAwesome.ttf' (139K)
[2020.06.14-17.39.52:430][  0]LogRenderer: Reallocating scene render targets to support 892x388 Format 10 NumSamples 1 (Frame:1).
[2020.06.14-17.39.52:569][  0]LogContentBrowser: Native class hierarchy updated for 'HierarchicalLODOutliner' in 0.0003 seconds. Added 0 classes and 0 folders.
[2020.06.14-17.39.52:569][  0]LogLoad: (Engine Initialization) Total time: 7.74 seconds
[2020.06.14-17.39.52:569][  0]LogLoad: (Engine Initialization) Total Blueprint compile time: 0.00 seconds
[2020.06.14-17.39.52:622][  0]LogAssetRegistry: Asset discovery search completed in 4.0000 seconds
[2020.06.14-17.39.52:627][  0]LogCollectionManager: Fixed up redirectors for 0 collections in 0.000003 seconds (updated 0 objects)
[2020.06.14-17.39.52:628][  0]LogContentStreaming: Texture pool size now 1000 MB
[2020.06.14-17.39.52:659][  0]LogSlate: Took 0.000114 seconds to synchronously load lazily loaded font '../../../Engine/Content/Slate/Fonts/Roboto-Light.ttf' (167K)
[2020.06.14-17.40.07:790][840]LogSlate: Window 'Project Settings' being destroyed
[2020.06.14-17.40.07:793][840]LogSlate: Window 'Project Settings' being destroyed
[2020.06.14-17.40.10:788][ 15]LogSlate: Took 0.000159 seconds to synchronously load lazily loaded font '../../../Engine/Content/Slate/Fonts/Roboto-Light.ttf' (167K)
[2020.06.14-17.40.10:834][ 15]LogAssetEditorSubsystem: Opening Asset editor for World /Game/pinball_Praharsh.pinball_Praharsh
[2020.06.14-17.40.10:845][ 15]LogUObjectHash: Compacting FUObjectHashTables data took   0.86ms
[2020.06.14-17.40.10:847][ 15]Cmd: MAP LOAD FILE="C:/Users/mohit/Documents/GitHub/UnrealEngine_Praharsh/Pinball_Praharsh/Content/pinball_Praharsh.umap" TEMPLATE=0 SHOWPROGRESS=1 FEATURELEVEL=3
[2020.06.14-17.40.10:847][ 15]LightingResults: New page: Lighting Build
[2020.06.14-17.40.10:847][ 15]LoadErrors: New page: Loading map: pinball_Praharsh.umap
[2020.06.14-17.40.10:848][ 15]LogWorld: UWorld::CleanupWorld for Untitled_1, bSessionEnded=true, bCleanupResources=true
[2020.06.14-17.40.10:848][ 15]LogSlate: InvalidateAllWidgets triggered.  All widgets were invalidated
[2020.06.14-17.40.10:848][ 15]MapCheck: New page: Map Check
[2020.06.14-17.40.10:848][ 15]LightingResults: New page: Lighting Build
[2020.06.14-17.40.10:858][ 15]LogAISub: UAISubsystem::~UAISubsystem EnvQueryManager (0000027DDA679200), frame # 1015
[2020.06.14-17.40.10:858][ 15]LogAISub: UAISubsystem::~UAISubsystem AIPerceptionSystem (0000027DE14B9A80), frame # 1015
[2020.06.14-17.40.10:858][ 15]LogUObjectHash: Compacting FUObjectHashTables data took   0.75ms
[2020.06.14-17.40.10:863][ 15]LogEditorServer: Finished looking for orphan Actors (0.000 secs)
[2020.06.14-17.40.10:863][ 15]LogAIModule: Creating AISystem for world pinball_Praharsh
[2020.06.14-17.40.10:863][ 15]LogAISub: UAISubsystem::UAISubsystem EnvQueryManager (0000027DDA622E00), frame # 1015
[2020.06.14-17.40.10:863][ 15]LogAISub: UAISubsystem::UAISubsystem AIPerceptionSystem (0000027DDA6E7EC0), frame # 1015
[2020.06.14-17.40.10:874][ 15]LogUObjectHash: Compacting FUObjectHashTables data took   0.60ms
[2020.06.14-17.40.10:908][ 15]Cmd: MAP CHECKDEP NOCLEARLOG
[2020.06.14-17.40.10:909][ 15]MapCheck: Map check complete: 0 Error(s), 0 Warning(s), took 0.143ms to complete.
[2020.06.14-17.40.10:909][ 15]LogFileHelpers: Loading map 'pinball_Praharsh' took 0.061
[2020.06.14-17.40.16:080][322]LogTemp: Repeating last play command: Selected Viewport
[2020.06.14-17.40.16:103][322]LogPlayLevel: PlayLevel: No blueprints needed recompiling
[2020.06.14-17.40.16:104][322]PIE: New page: PIE session: pinball_Praharsh (15-Jun-2020, 4:40:16 am)
[2020.06.14-17.40.16:105][322]LogOnline: OSS: Creating online subsystem instance for: NULL
[2020.06.14-17.40.16:107][322]LogOnline: OSS: TryLoadSubsystemAndSetDefault: Loaded subsystem for module [NULL]
[2020.06.14-17.40.16:107][322]LogPlayLevel: Creating play world package: /Game/UEDPIE_0_pinball_Praharsh
[2020.06.14-17.40.16:113][322]LogPlayLevel: PIE: StaticDuplicateObject took: (0.006428s)
[2020.06.14-17.40.16:115][322]LogAIModule: Creating AISystem for world pinball_Praharsh
[2020.06.14-17.40.16:115][322]LogAISub: UAISubsystem::UAISubsystem EnvQueryManager (0000027D9D709A00), frame # 1322
[2020.06.14-17.40.16:115][322]LogAISub: UAISubsystem::UAISubsystem AIPerceptionSystem (0000027DF050A700), frame # 1322
[2020.06.14-17.40.16:115][322]LogPlayLevel: PIE: World Init took: (0.001631s)
[2020.06.14-17.40.16:115][322]LogPlayLevel: PIE: Created PIE world by copying editor world from /Game/pinball_Praharsh.pinball_Praharsh to /Game/UEDPIE_0_pinball_Praharsh.pinball_Praharsh (0.008359s)
[2020.06.14-17.40.16:126][322]LogUObjectHash: Compacting FUObjectHashTables data took   0.97ms
[2020.06.14-17.40.16:128][322]LogAudioMixer: Display: Audio Mixer Platform Settings:
[2020.06.14-17.40.16:128][322]LogAudioMixer: Display: 	Sample Rate:						  48000
[2020.06.14-17.40.16:128][322]LogAudioMixer: Display: 	Callback Buffer Frame Size Requested: 1024
[2020.06.14-17.40.16:128][322]LogAudioMixer: Display: 	Callback Buffer Frame Size To Use:	  1024
[2020.06.14-17.40.16:128][322]LogAudioMixer: Display: 	Number of buffers to queue:			  2
[2020.06.14-17.40.16:128][322]LogAudioMixer: Display: 	Max Channels (voices):				  32
[2020.06.14-17.40.16:128][322]LogAudioMixer: Display: 	Number of Async Source Workers:		  0
[2020.06.14-17.40.16:128][322]LogAudio: Display: AudioDevice MaxSources: 32
[2020.06.14-17.40.16:129][322]LogAudio: Display: Using built-in audio occlusion.
[2020.06.14-17.40.16:129][322]LogAudioMixer: Display: Initializing audio mixer.
[2020.06.14-17.40.16:131][322]LogAudioMixer: Display: 0: FrontLeft
[2020.06.14-17.40.16:131][322]LogAudioMixer: Display: 1: FrontRight
[2020.06.14-17.40.16:228][322]LogAudioMixer: Display: Using Audio Device Speakers / Headphones (Realtek Audio)
[2020.06.14-17.40.16:228][322]LogAudioMixer: Display: Initializing Sound Submixes...
[2020.06.14-17.40.16:228][322]LogAudioMixer: Display: Creating Master Submix 'MasterSubmixDefault'
[2020.06.14-17.40.16:228][322]LogAudioMixer: Display: Creating Master Submix 'MasterReverbSubmixDefault'
[2020.06.14-17.40.16:229][322]LogAudioMixer: Display: Creating Master Submix 'MasterEQSubmixDefault'
[2020.06.14-17.40.16:249][322]LogInit: FAudioDevice initialized.
[2020.06.14-17.40.16:256][322]LogLoad: Game class is 'PinballGameMode_C'
[2020.06.14-17.40.16:258][322]LogWorld: Bringing World /Game/UEDPIE_0_pinball_Praharsh.pinball_Praharsh up for play (max tick rate 60) at 2020.06.14-23.10.16
[2020.06.14-17.40.16:258][322]LogWorld: Bringing up level for play took: 0.000991
[2020.06.14-17.40.16:258][322]LogOnline: OSS: Creating online subsystem instance for: :Context_3
[2020.06.14-17.40.16:262][322]LogContentBrowser: Native class hierarchy updated for 'MovieSceneCapture' in 0.0004 seconds. Added 20 classes and 0 folders.
[2020.06.14-17.40.16:263][322]PIE: Server logged in
[2020.06.14-17.40.16:264][322]PIE: Play in editor total start time 0.162 seconds.
[2020.06.14-17.40.19:832][535]LogAudioMixer: Display: No commands were queued while flushing the source manager.
[2020.06.14-17.40.19:836][535]LogAudioMixer: Display: Flush succeeded in the source manager command queue (1).
[2020.06.14-17.40.19:856][535]LogAudioMixer: Display: Flush succeeded the source manager command queue (2).
[2020.06.14-17.40.19:857][535]LogSlate: Updating window title bar state: overlay mode, drag disabled, window buttons hidden, title bar hidden
[2020.06.14-17.40.19:857][535]LogWorld: BeginTearingDown for /Game/UEDPIE_0_pinball_Praharsh
[2020.06.14-17.40.19:857][535]LogAudioMixer: Display: No commands were queued while flushing the source manager.
[2020.06.14-17.40.19:857][535]LogWorld: UWorld::CleanupWorld for pinball_Praharsh, bSessionEnded=true, bCleanupResources=true
[2020.06.14-17.40.19:857][535]LogSlate: InvalidateAllWidgets triggered.  All widgets were invalidated
[2020.06.14-17.40.19:865][535]LogPlayLevel: Display: Shutting down PIE online subsystems
[2020.06.14-17.40.19:867][535]LogSlate: InvalidateAllWidgets triggered.  All widgets were invalidated
[2020.06.14-17.40.19:876][535]LogSlate: Updating window title bar state: overlay mode, drag disabled, window buttons hidden, title bar hidden
[2020.06.14-17.40.19:876][535]LogAudioMixer: Display: No commands were queued while flushing the source manager.
[2020.06.14-17.40.19:897][535]LogAISub: UAISubsystem::~UAISubsystem AIPerceptionSystem (0000027DF050A700), frame # 1535
[2020.06.14-17.40.19:897][535]LogAISub: UAISubsystem::~UAISubsystem EnvQueryManager (0000027D9D709A00), frame # 1535
[2020.06.14-17.40.19:898][535]LogUObjectHash: Compacting FUObjectHashTables data took   0.66ms
[2020.06.14-17.40.19:959][537]LogPlayLevel: Display: Destroying online subsystem :Context_3
[2020.06.14-17.40.24:040][781]LogEditorViewport: Clicking on Actor (LMB): BP_Plunger_C (BP_Plunger)
[2020.06.14-17.40.24:663][817]Cmd: SELECT NONE
[2020.06.14-17.40.27:468][985]Cmd: SELECT NONE
[2020.06.14-17.40.30:242][151]LogEditorViewport: Clicking on Actor (LMB): BP_Plunger_C (BP_Plunger)
[2020.06.14-17.40.36:227][505]Cmd: SELECT NONE
[2020.06.14-17.40.41:524][821]LogTemp: Repeating last play command: Selected Viewport
[2020.06.14-17.40.41:548][821]LogPlayLevel: PlayLevel: No blueprints needed recompiling
[2020.06.14-17.40.41:548][821]PIE: New page: PIE session: pinball_Praharsh (15-Jun-2020, 4:40:41 am)
[2020.06.14-17.40.41:548][821]LogPlayLevel: Creating play world package: /Game/UEDPIE_0_pinball_Praharsh
[2020.06.14-17.40.41:555][821]LogPlayLevel: PIE: StaticDuplicateObject took: (0.006225s)
[2020.06.14-17.40.41:556][821]LogAIModule: Creating AISystem for world pinball_Praharsh
[2020.06.14-17.40.41:556][821]LogAISub: UAISubsystem::UAISubsystem EnvQueryManager (0000027D85847400), frame # 2821
[2020.06.14-17.40.41:556][821]LogAISub: UAISubsystem::UAISubsystem AIPerceptionSystem (0000027D973FD940), frame # 2821
[2020.06.14-17.40.41:556][821]LogPlayLevel: PIE: World Init took: (0.001378s)
[2020.06.14-17.40.41:556][821]LogPlayLevel: PIE: Created PIE world by copying editor world from /Game/pinball_Praharsh.pinball_Praharsh to /Game/UEDPIE_0_pinball_Praharsh.pinball_Praharsh (0.007738s)
[2020.06.14-17.40.41:566][821]LogUObjectHash: Compacting FUObjectHashTables data took   1.00ms
[2020.06.14-17.40.41:568][821]LogAudioMixer: Display: Audio Mixer Platform Settings:
[2020.06.14-17.40.41:568][821]LogAudioMixer: Display: 	Sample Rate:						  48000
[2020.06.14-17.40.41:568][821]LogAudioMixer: Display: 	Callback Buffer Frame Size Requested: 1024
[2020.06.14-17.40.41:568][821]LogAudioMixer: Display: 	Callback Buffer Frame Size To Use:	  1024
[2020.06.14-17.40.41:568][821]LogAudioMixer: Display: 	Number of buffers to queue:			  2
[2020.06.14-17.40.41:568][821]LogAudioMixer: Display: 	Max Channels (voices):				  32
[2020.06.14-17.40.41:568][821]LogAudioMixer: Display: 	Number of Async Source Workers:		  0
[2020.06.14-17.40.41:568][821]LogAudio: Display: AudioDevice MaxSources: 32
[2020.06.14-17.40.41:568][821]LogAudio: Display: Using built-in audio occlusion.
[2020.06.14-17.40.41:568][821]LogAudioMixer: Display: Initializing audio mixer.
[2020.06.14-17.40.41:570][821]LogAudioMixer: Display: 0: FrontLeft
[2020.06.14-17.40.41:570][821]LogAudioMixer: Display: 1: FrontRight
[2020.06.14-17.40.41:664][821]LogAudioMixer: Display: Using Audio Device Speakers / Headphones (Realtek Audio)
[2020.06.14-17.40.41:664][821]LogAudioMixer: Display: Initializing Sound Submixes...
[2020.06.14-17.40.41:664][821]LogAudioMixer: Display: Creating Master Submix 'MasterSubmixDefault'
[2020.06.14-17.40.41:665][821]LogAudioMixer: Display: Creating Master Submix 'MasterReverbSubmixDefault'
[2020.06.14-17.40.41:665][821]LogAudioMixer: Display: Creating Master Submix 'MasterEQSubmixDefault'
[2020.06.14-17.40.41:683][821]LogInit: FAudioDevice initialized.
[2020.06.14-17.40.41:691][821]LogLoad: Game class is 'PinballGameMode_C'
[2020.06.14-17.40.41:693][821]LogWorld: Bringing World /Game/UEDPIE_0_pinball_Praharsh.pinball_Praharsh up for play (max tick rate 60) at 2020.06.14-23.10.41
[2020.06.14-17.40.41:693][821]LogWorld: Bringing up level for play took: 0.000884
[2020.06.14-17.40.41:693][821]LogOnline: OSS: Creating online subsystem instance for: :Context_4
[2020.06.14-17.40.41:696][821]PIE: Server logged in
[2020.06.14-17.40.41:697][821]PIE: Play in editor total start time 0.149 seconds.
[2020.06.14-17.40.43:837][949]LogAudioMixer: Display: No commands were queued while flushing the source manager.
[2020.06.14-17.40.43:855][949]LogAudioMixer: Display: Flush succeeded in the source manager command queue (1).
[2020.06.14-17.40.43:876][949]LogAudioMixer: Display: Flush succeeded the source manager command queue (2).
[2020.06.14-17.40.43:876][949]LogSlate: Updating window title bar state: overlay mode, drag disabled, window buttons hidden, title bar hidden
[2020.06.14-17.40.43:876][949]LogWorld: BeginTearingDown for /Game/UEDPIE_0_pinball_Praharsh
[2020.06.14-17.40.43:876][949]LogAudioMixer: Display: No commands were queued while flushing the source manager.
[2020.06.14-17.40.43:877][949]LogWorld: UWorld::CleanupWorld for pinball_Praharsh, bSessionEnded=true, bCleanupResources=true
[2020.06.14-17.40.43:877][949]LogSlate: InvalidateAllWidgets triggered.  All widgets were invalidated
[2020.06.14-17.40.43:886][949]LogPlayLevel: Display: Shutting down PIE online subsystems
[2020.06.14-17.40.43:889][949]LogSlate: InvalidateAllWidgets triggered.  All widgets were invalidated
[2020.06.14-17.40.43:897][949]LogSlate: Updating window title bar state: overlay mode, drag disabled, window buttons hidden, title bar hidden
[2020.06.14-17.40.43:897][949]LogAudioMixer: Display: No commands were queued while flushing the source manager.
[2020.06.14-17.40.43:921][949]LogAISub: UAISubsystem::~UAISubsystem AIPerceptionSystem (0000027D973FD940), frame # 2949
[2020.06.14-17.40.43:921][949]LogAISub: UAISubsystem::~UAISubsystem EnvQueryManager (0000027D85847400), frame # 2949
[2020.06.14-17.40.43:922][949]LogUObjectHash: Compacting FUObjectHashTables data took   0.60ms
[2020.06.14-17.40.43:952][950]LogPlayLevel: Display: Destroying online subsystem :Context_4
[2020.06.14-17.40.48:038][172]LogAssetEditorSubsystem: Opening Asset editor for StaticMesh /Game/Assets/SM_Plunger.SM_Plunger
[2020.06.14-17.40.48:882][172]LogWorld: UWorld::CleanupWorld for World_3, bSessionEnded=true, bCleanupResources=true
[2020.06.14-17.40.48:882][172]LogSlate: InvalidateAllWidgets triggered.  All widgets were invalidated
[2020.06.14-17.40.49:173][172]LogRenderer: Reallocating scene render targets to support 1144x704 Format 10 NumSamples 1 (Frame:1).
[2020.06.14-17.40.49:173][172]LogSlate: Took 0.000279 seconds to synchronously load lazily loaded font '../../../Engine/Content/Slate/Fonts/Roboto-Italic.ttf' (157K)
[2020.06.14-17.40.50:956][269]LogSlate: Window 'SM_Plunger' being destroyed
[2020.06.14-17.40.50:961][269]LogSlate: Window 'SM_Plunger' being destroyed
[2020.06.14-17.40.50:987][269]LogWorld: UWorld::CleanupWorld for World_4, bSessionEnded=true, bCleanupResources=true
[2020.06.14-17.40.50:987][269]LogSlate: InvalidateAllWidgets triggered.  All widgets were invalidated
[2020.06.14-17.40.52:901][370]LogAssetEditorSubsystem: Opening Asset editor for Blueprint /Game/Blueprints/BP_Plunger.BP_Plunger
[2020.06.14-17.40.53:180][370]LogContentBrowser: Native class hierarchy updated for 'BlueprintGraph' in 0.0006 seconds. Added 125 classes and 0 folders.
[2020.06.14-17.40.54:191][370]LogSlate: Took 0.000230 seconds to synchronously load lazily loaded font '../../../Engine/Content/Slate/Fonts/Roboto-BoldCondensed.ttf' (158K)
[2020.06.14-17.40.59:179][634]BlueprintLog: New page: Compile BP_Plunger
[2020.06.14-17.40.59:242][634]LogUObjectHash: Compacting FUObjectHashTables data took   2.03ms
[2020.06.14-17.40.59:294][634]LogSlate: Took 0.000137 seconds to synchronously load lazily loaded font '../../../Engine/Content/Slate/Fonts/DroidSansMono.ttf' (77K)
[2020.06.14-17.40.59:993][668]Cmd: OBJ SAVEPACKAGE PACKAGE="/Game/Blueprints/BP_Plunger" FILE="C:/Users/mohit/Documents/GitHub/UnrealEngine_Praharsh/Pinball_Praharsh/Content/Blueprints/BP_Plunger.uasset" SILENT=true
[2020.06.14-17.41.00:070][668]LogSavePackage: Moving 'C:/Users/mohit/Documents/GitHub/UnrealEngine_Praharsh/Pinball_Praharsh/Saved/BP_PlungerD03D2A024D6D3F25AF2845BC5A8955E0.tmp' to 'C:/Users/mohit/Documents/GitHub/UnrealEngine_Praharsh/Pinball_Praharsh/Content/Blueprints/BP_Plunger.uasset'
[2020.06.14-17.41.00:084][668]AssetCheck: New page: Asset Save: BP_Plunger
[2020.06.14-17.41.00:084][668]LogContentValidation: Display: Validating Blueprint /Game/Blueprints/BP_Plunger.BP_Plunger
[2020.06.14-17.41.01:273][729]LogSlate: Window 'BP_Plunger' being destroyed
[2020.06.14-17.41.01:281][729]LogSlate: Window 'BP_Plunger' being destroyed
[2020.06.14-17.41.01:281][729]LogWorld: UWorld::CleanupWorld for World_7, bSessionEnded=true, bCleanupResources=true
[2020.06.14-17.41.01:281][729]LogSlate: InvalidateAllWidgets triggered.  All widgets were invalidated
[2020.06.14-17.41.02:673][806]LogTemp: Repeating last play command: Selected Viewport
[2020.06.14-17.41.02:698][806]LogPlayLevel: PlayLevel: No blueprints needed recompiling
[2020.06.14-17.41.02:698][806]PIE: New page: PIE session: pinball_Praharsh (15-Jun-2020, 4:41:02 am)
[2020.06.14-17.41.02:698][806]LogPlayLevel: Creating play world package: /Game/UEDPIE_0_pinball_Praharsh
[2020.06.14-17.41.02:704][806]LogPlayLevel: PIE: StaticDuplicateObject took: (0.006182s)
[2020.06.14-17.41.02:705][806]LogAIModule: Creating AISystem for world pinball_Praharsh
[2020.06.14-17.41.02:705][806]LogAISub: UAISubsystem::UAISubsystem EnvQueryManager (0000027E16BD4400), frame # 3806
[2020.06.14-17.41.02:705][806]LogAISub: UAISubsystem::UAISubsystem AIPerceptionSystem (0000027DE677D580), frame # 3806
[2020.06.14-17.41.02:706][806]LogPlayLevel: PIE: World Init took: (0.001873s)
[2020.06.14-17.41.02:706][806]LogPlayLevel: PIE: Created PIE world by copying editor world from /Game/pinball_Praharsh.pinball_Praharsh to /Game/UEDPIE_0_pinball_Praharsh.pinball_Praharsh (0.008276s)
[2020.06.14-17.41.02:726][806]LogUObjectHash: Compacting FUObjectHashTables data took   2.65ms
[2020.06.14-17.41.02:728][806]LogAudioMixer: Display: Audio Mixer Platform Settings:
[2020.06.14-17.41.02:728][806]LogAudioMixer: Display: 	Sample Rate:						  48000
[2020.06.14-17.41.02:728][806]LogAudioMixer: Display: 	Callback Buffer Frame Size Requested: 1024
[2020.06.14-17.41.02:728][806]LogAudioMixer: Display: 	Callback Buffer Frame Size To Use:	  1024
[2020.06.14-17.41.02:728][806]LogAudioMixer: Display: 	Number of buffers to queue:			  2
[2020.06.14-17.41.02:728][806]LogAudioMixer: Display: 	Max Channels (voices):				  32
[2020.06.14-17.41.02:728][806]LogAudioMixer: Display: 	Number of Async Source Workers:		  0
[2020.06.14-17.41.02:728][806]LogAudio: Display: AudioDevice MaxSources: 32
[2020.06.14-17.41.02:729][806]LogAudio: Display: Using built-in audio occlusion.
[2020.06.14-17.41.02:729][806]LogAudioMixer: Display: Initializing audio mixer.
[2020.06.14-17.41.02:731][806]LogAudioMixer: Display: 0: FrontLeft
[2020.06.14-17.41.02:731][806]LogAudioMixer: Display: 1: FrontRight
[2020.06.14-17.41.02:832][806]LogAudioMixer: Display: Using Audio Device Speakers / Headphones (Realtek Audio)
[2020.06.14-17.41.02:832][806]LogAudioMixer: Display: Initializing Sound Submixes...
[2020.06.14-17.41.02:832][806]LogAudioMixer: Display: Creating Master Submix 'MasterSubmixDefault'
[2020.06.14-17.41.02:832][806]LogAudioMixer: Display: Creating Master Submix 'MasterReverbSubmixDefault'
[2020.06.14-17.41.02:832][806]LogAudioMixer: Display: Creating Master Submix 'MasterEQSubmixDefault'
[2020.06.14-17.41.02:849][806]LogInit: FAudioDevice initialized.
[2020.06.14-17.41.02:862][806]LogLoad: Game class is 'PinballGameMode_C'
[2020.06.14-17.41.02:864][806]LogWorld: Bringing World /Game/UEDPIE_0_pinball_Praharsh.pinball_Praharsh up for play (max tick rate 60) at 2020.06.14-23.11.02
[2020.06.14-17.41.02:864][806]LogWorld: Bringing up level for play took: 0.000844
[2020.06.14-17.41.02:864][806]LogOnline: OSS: Creating online subsystem instance for: :Context_11
[2020.06.14-17.41.02:867][806]PIE: Server logged in
[2020.06.14-17.41.02:868][806]PIE: Play in editor total start time 0.17 seconds.
[2020.06.14-17.41.05:552][967]LogAudioMixer: Display: No commands were queued while flushing the source manager.
[2020.06.14-17.41.05:556][967]LogAudioMixer: Display: Flush succeeded in the source manager command queue (1).
[2020.06.14-17.41.05:586][967]LogAudioMixer: Display: Flush succeeded the source manager command queue (2).
[2020.06.14-17.41.05:587][967]LogSlate: Updating window title bar state: overlay mode, drag disabled, window buttons hidden, title bar hidden
[2020.06.14-17.41.05:587][967]LogWorld: BeginTearingDown for /Game/UEDPIE_0_pinball_Praharsh
[2020.06.14-17.41.05:587][967]LogAudioMixer: Display: No commands were queued while flushing the source manager.
[2020.06.14-17.41.05:587][967]LogWorld: UWorld::CleanupWorld for pinball_Praharsh, bSessionEnded=true, bCleanupResources=true
[2020.06.14-17.41.05:587][967]LogSlate: InvalidateAllWidgets triggered.  All widgets were invalidated
[2020.06.14-17.41.05:595][967]LogPlayLevel: Display: Shutting down PIE online subsystems
[2020.06.14-17.41.05:598][967]LogSlate: InvalidateAllWidgets triggered.  All widgets were invalidated
[2020.06.14-17.41.05:616][967]LogAudioMixer: Display: No commands were queued while flushing the source manager.
[2020.06.14-17.41.05:640][967]LogSlate: Updating window title bar state: overlay mode, drag disabled, window buttons hidden, title bar hidden
[2020.06.14-17.41.05:640][967]LogAISub: UAISubsystem::~UAISubsystem AIPerceptionSystem (0000027DE677D580), frame # 3967
[2020.06.14-17.41.05:640][967]LogAISub: UAISubsystem::~UAISubsystem EnvQueryManager (0000027E16BD4400), frame # 3967
[2020.06.14-17.41.05:642][967]LogUObjectHash: Compacting FUObjectHashTables data took   1.70ms
[2020.06.14-17.41.05:674][968]LogPlayLevel: Display: Destroying online subsystem :Context_11
[2020.06.14-17.45.16:037][399]LogUObjectHash: Compacting FUObjectHashTables data took   2.00ms
[2020.06.14-17.45.16:088][399]LogSavePackage: Moving 'C:/Users/mohit/Documents/GitHub/UnrealEngine_Praharsh/Pinball_Praharsh/Saved/pinball_PraharshC111D86747AFA8C25A07D990DD44872B.tmp' to 'C:/Users/mohit/Documents/GitHub/UnrealEngine_Praharsh/Pinball_Praharsh/Content/pinball_Praharsh.umap'
[2020.06.14-17.45.16:138][399]AssetCheck: New page: Asset Save: pinball_Praharsh
[2020.06.14-17.45.16:138][399]LogContentValidation: Display: Validating World /Game/pinball_Praharsh.pinball_Praharsh
